TN:testHtml
SF:/root/pikascript/port/linux/package/pikascript/pikascript-core/PikaVM.c
FN:64,pika_GIL_ENTER
FNDA:1926294,pika_GIL_ENTER
FN:76,pika_GIL_EXIT
FNDA:1926296,pika_GIL_EXIT
FN:84,_VM_lock_init
FNDA:7,_VM_lock_init
FN:95,_VM_is_first_lock
FNDA:555,_VM_is_first_lock
FN:99,_VMEvent_getVMCnt
FNDA:516,_VMEvent_getVMCnt
FN:103,_VMEvent_getEventPickupCnt
FNDA:33852687,_VMEvent_getEventPickupCnt
FN:112,_ecq_isEmpty
FNDA:33848373,_ecq_isEmpty
FN:116,_ecq_isFull
FNDA:548,_ecq_isFull
FN:176,_VMEvent_deinit
FNDA:515,_VMEvent_deinit
FN:194,__eventListener_pushEvent
FNDA:548,__eventListener_pushEvent
FN:227,__eventListener_popEvent
FNDA:33848013,__eventListener_popEvent
FN:250,_VMEvent_pickupEvent
FNDA:33850016,_VMEvent_pickupEvent
FN:275,VMSignal_getCtrl
FNDA:1923295,VMSignal_getCtrl
FN:279,pks_vm_exit
FNDA:227,pks_vm_exit
FN:283,pks_vmSignal_setCtrlElear
FNDA:1059,pks_vmSignal_setCtrlElear
FN:299,VMState_setErrorCode
FNDA:41,VMState_setErrorCode
FN:303,VMstate_getInstructWithOffset
FNDA:103754,VMstate_getInstructWithOffset
FN:309,VMState_getBlockDeepthNow
FNDA:250142,VMState_getBlockDeepthNow
FN:316,VMState_getConstWithOffset
FNDA:58,VMState_getConstWithOffset
FN:322,VMState_getInvokeDeepthNow
FNDA:102826,VMState_getInvokeDeepthNow
FN:328,VMState_getAddrOffsetOfJmpBack
FNDA:994,VMState_getAddrOffsetOfJmpBack
FN:375,VMState_getAddrOffsetFromJmp
FNDA:243477,VMState_getAddrOffsetFromJmp
FN:422,VMState_getAddrOffsetOfBreak
FNDA:967,VMState_getAddrOffsetOfBreak
FN:430,VMState_getAddrOffsetOfRaise
FNDA:22,VMState_getAddrOffsetOfRaise
FN:451,VMState_getAddrOffsetOfContinue
FNDA:27,VMState_getAddrOffsetOfContinue
FN:457,VMLocals_delLReg
FNDA:2392,VMLocals_delLReg
FN:466,Locals_delLReg
FNDA:362,Locals_delLReg
FN:475,VMLocals_clearReg
FNDA:203,VMLocals_clearReg
FN:481,Locals_getLReg
FNDA:17710,Locals_getLReg
FN:491,New_Locals
FNDA:42344,New_Locals
FN:500,Locals_deinit
FNDA:218426,Locals_deinit
FN:508,_obj_getLen
FNDA:601,_obj_getLen
FN:525,arg_getLen
FNDA:696,arg_getLen
FN:539,VMState_initReg
FNDA:9550,VMState_initReg
FN:545,_checkLReg
FNDA:121583,_checkLReg
FN:553,_getLRegIndex
FNDA:3591,_getLRegIndex
FN:557,VMLocals_setLReg
FNDA:363,VMLocals_setLReg
FN:562,Locals_setLReg
FNDA:363,Locals_setLReg
FN:579,VM_instruction_handler_NON
FNDA:0,VM_instruction_handler_NON
FN:586,_vm_get
FNDA:676,_vm_get
FN:672,_vm_slice
FNDA:20,_vm_slice
FN:773,VM_instruction_handler_SLC
FNDA:646,VM_instruction_handler_SLC
FN:811,VM_instruction_handler_TRY
FNDA:38,VM_instruction_handler_TRY
FN:820,VM_instruction_handler_EXP
FNDA:16,VM_instruction_handler_EXP
FN:828,VM_instruction_handler_NTR
FNDA:38,VM_instruction_handler_NTR
FN:836,VM_instruction_handler_NEW
FNDA:173,VM_instruction_handler_NEW
FN:847,_proxy_getattribute
FNDA:562387,_proxy_getattribute
FN:874,_proxy_getattr
FNDA:10,_proxy_getattr
FN:901,VM_instruction_handler_REF
FNDA:562993,VM_instruction_handler_REF
FN:1005,VM_instruction_handler_GER
FNDA:38,VM_instruction_handler_GER
FN:1014,_get_return_arg
FNDA:18175,_get_return_arg
FN:1020,_obj_runMethodArgWithState
FNDA:18175,_obj_runMethodArgWithState
FN:1081,obj_runMethodArgWithState
FNDA:473,obj_runMethodArgWithState
FN:1089,obj_runMethodArgWithState_noalloc
FNDA:17702,obj_runMethodArgWithState_noalloc
FN:1098,obj_runMethodArg
FNDA:186,obj_runMethodArg
FN:1107,_kw_pos_to_default_all
FNDA:5877,_kw_pos_to_default_all
FN:1155,_kw_to_pos_one
FNDA:5841,_kw_to_pos_one
FN:1171,_kw_to_pos_all
FNDA:17989,_kw_to_pos_all
FN:1186,_loadLocalsFromArgv
FNDA:17989,_loadLocalsFromArgv
FN:1194,_type_list_parse
FNDA:17993,_type_list_parse
FN:1231,_kw_push
FNDA:80,_kw_push
FN:1246,_load_call_arg
FNDA:8305,_load_call_arg
FN:1291,_get_n_input_with_unpack
FNDA:17993,_get_n_input_with_unpack
FN:1382,VMState_loadArgsFromMethodArg
FNDA:17993,VMState_loadArgsFromMethodArg
FN:1568,__vm_List_append
FNDA:1750,__vm_List_append
FN:1573,__vm_List___init__
FNDA:352,__vm_List___init__
FN:1583,_vm_create_list_or_tuple
FNDA:222,_vm_create_list_or_tuple
FN:1612,VM_instruction_handler_LST
FNDA:187,VM_instruction_handler_LST
FN:1619,__vm_Dict___init__
FNDA:188,__vm_Dict___init__
FN:1626,__vm_Dict_set
FNDA:836,__vm_Dict_set
FN:1640,VM_instruction_handler_DCT
FNDA:179,VM_instruction_handler_DCT
FN:1669,VM_instruction_handler_RET
FNDA:1546,VM_instruction_handler_RET
FN:1683,_find_super_class_name
FNDA:29,_find_super_class_name
FN:1712,_find_self_name
FNDA:29,_find_self_name
FN:1740,VM_instruction_handler_RUN
FNDA:107665,VM_instruction_handler_RUN
FN:1998,__get_transferd_str
FNDA:78,__get_transferd_str
FN:2053,VM_instruction_handler_STR
FNDA:3446,VM_instruction_handler_STR
FN:2069,VM_instruction_handler_BYT
FNDA:27,VM_instruction_handler_BYT
FN:2086,_proxy_setattr
FNDA:264,_proxy_setattr
FN:2114,VM_instruction_handler_OUT
FNDA:102767,VM_instruction_handler_OUT
FN:2198,VM_instruction_handler_RAS
FNDA:345,VM_instruction_handler_RAS
FN:2215,VM_instruction_handler_NUM
FNDA:188112,VM_instruction_handler_NUM
FN:2247,VM_instruction_handler_JMP
FNDA:159674,VM_instruction_handler_JMP
FN:2255,VM_instruction_handler_SER
FNDA:0,VM_instruction_handler_SER
FN:2263,_VM_JEZ
FNDA:244411,_VM_JEZ
FN:2286,VM_instruction_handler_JEZ
FNDA:244271,VM_instruction_handler_JEZ
FN:2299,VM_instruction_handler_JNZ
FNDA:140,VM_instruction_handler_JNZ
FN:2312,VMState_getInputArgNum
FNDA:650809,VMState_getInputArgNum
FN:2340,operatorInfo_init
FNDA:541739,operatorInfo_init
FN:2374,_OPT_ADD
FNDA:90427,_OPT_ADD
FN:2451,_OPT_SUB
FNDA:83,_OPT_SUB
FN:2511,_OPT_EQU
FNDA:82231,_OPT_EQU
FN:2568,_OPT_POW
FNDA:4,_OPT_POW
FN:2603,VM_instruction_handler_OPT
FNDA:541739,VM_instruction_handler_OPT
FN:2848,__VM_instruction_handler_DEF
FNDA:1289,__VM_instruction_handler_DEF
FN:2893,VM_instruction_handler_DEF
FNDA:1147,VM_instruction_handler_DEF
FN:2900,VM_instruction_handler_CLS
FNDA:142,VM_instruction_handler_CLS
FN:2907,VM_instruction_handler_RIS
FNDA:7,VM_instruction_handler_RIS
FN:2921,VM_instruction_handler_ASS
FNDA:57,VM_instruction_handler_ASS
FN:2965,VM_instruction_handler_NEL
FNDA:2815,VM_instruction_handler_NEL
FN:2977,VM_instruction_handler_DEL
FNDA:459,VM_instruction_handler_DEL
FN:2999,VM_instruction_handler_EST
FNDA:3314,VM_instruction_handler_EST
FN:3013,VM_instruction_handler_BRK
FNDA:967,VM_instruction_handler_BRK
FN:3022,VM_instruction_handler_CTN
FNDA:27,VM_instruction_handler_CTN
FN:3031,VM_instruction_handler_GLB
FNDA:26,VM_instruction_handler_GLB
FN:3056,VM_instruction_handler_IMP
FNDA:340,VM_instruction_handler_IMP
FN:3124,pikaVM_registerInstructionSet
FNDA:0,pikaVM_registerInstructionSet
FN:3166,instructUnit_getInstruct
FNDA:1923339,instructUnit_getInstruct
FN:3191,__find_ins_idx_in_ins_set
FNDA:35773,__find_ins_idx_in_ins_set
FN:3206,pikaVM_getInstructFromAsm
FNDA:35773,pikaVM_getInstructFromAsm
FN:3246,pikaVM_runInstructUnit
FNDA:1923339,pikaVM_runInstructUnit
FN:3350,pikaVM_runAsm
FNDA:39,pikaVM_runAsm
FN:3359,_cache_bytecodeframe
FNDA:279,_cache_bytecodeframe
FN:3378,_cache_bcf_fn
FNDA:863,_cache_bcf_fn
FN:3387,_get_data_from_bytecode2
FNDA:7044,_get_data_from_bytecode2
FN:3412,_cache_bcf_fn_bc
FNDA:7044,_cache_bcf_fn_bc
FN:3420,_pikaVM_runPyLines
FNDA:863,_pikaVM_runPyLines
FN:3455,_do_pikaVM_runByteCode
FNDA:7044,_do_pikaVM_runByteCode
FN:3494,pikaVM_runByteCodeFile
FNDA:2,pikaVM_runByteCodeFile
FN:3509,pikaVM_runSingleFile
FNDA:95,pikaVM_runSingleFile
FN:3524,pikaVM_run
FNDA:863,pikaVM_run
FN:3528,pikaVM_runByteCode
FNDA:6453,pikaVM_runByteCode
FN:3535,pikaVM_runByteCodeReturn
FNDA:136,pikaVM_runByteCodeReturn
FN:3550,_do_pikaVM_runByteCodeReturn
FNDA:588,_do_pikaVM_runByteCodeReturn
FN:3570,pikaVM_runByteCodeInconstant
FNDA:3,pikaVM_runByteCodeInconstant
FN:3577,constPool_update
FNDA:13962,constPool_update
FN:3581,constPool_init
FNDA:8233,constPool_init
FN:3590,constPool_deinit
FNDA:15437,constPool_deinit
FN:3596,constPool_append
FNDA:13962,constPool_append
FN:3610,constPool_getNow
FNDA:2758517,constPool_getNow
FN:3619,constPool_getOffsetByData
FNDA:35774,constPool_getOffsetByData
FN:3642,constPool_getNext
FNDA:925071,constPool_getNext
FN:3647,constPool_getByIndex
FNDA:4,constPool_getByIndex
FN:3660,constPool_print
FNDA:37,constPool_print
FN:3677,byteCodeFrame_init
FNDA:8232,byteCodeFrame_init
FN:3686,_do_byteCodeFrame_loadByteCode
FNDA:14139,_do_byteCodeFrame_loadByteCode
FN:3717,byteCodeFrame_loadByteCode
FNDA:7095,byteCodeFrame_loadByteCode
FN:3721,byteCodeFrame_deinit
FNDA:15436,byteCodeFrame_deinit
FN:3726,instructArray_init
FNDA:8233,instructArray_init
FN:3735,instructArray_deinit
FNDA:15437,instructArray_deinit
FN:3741,instructArray_append
FNDA:35774,instructArray_append
FN:3755,instructUnit_init
FNDA:2,instructUnit_init
FN:3761,instructArray_update
FNDA:35774,instructArray_update
FN:3765,instructArray_getNow
FNDA:54850,instructArray_getNow
FN:3774,instructArray_getNext
FNDA:23843,instructArray_getNext
FN:3781,__find_ins_str_in_ins_set
FNDA:719,__find_ins_str_in_ins_set
FN:3795,instructUnit_getInstructStr
FNDA:719,instructUnit_getInstructStr
FN:3821,instructUnit_print
FNDA:3,instructUnit_print
FN:3830,instructUnit_printWithConst
FNDA:716,instructUnit_printWithConst
FN:3841,instructArray_printWithConst
FNDA:36,instructArray_printWithConst
FN:3857,instructArray_print
FNDA:1,instructArray_print
FN:3873,instructArray_printAsArray
FNDA:33,instructArray_printAsArray
FN:3905,byteCodeFrame_getSize
FNDA:1,byteCodeFrame_getSize
FN:3909,byteCodeFrame_print
FNDA:36,byteCodeFrame_print
FN:3917,VMState_solveUnusedStack
FNDA:527203,VMState_solveUnusedStack
FN:3935,_pikaVM_runByteCodeFrameWithState
FNDA:9550,_pikaVM_runByteCodeFrameWithState
FN:4025,pikaVM_runByteCodeFrame
FNDA:898,pikaVM_runByteCodeFrame
FN:4033,constPool_printAsArray
FNDA:33,constPool_printAsArray
FN:4069,byteCodeFrame_printAsArray
FNDA:33,byteCodeFrame_printAsArray
FN:4077,pikaVM_runFile
FNDA:2,pikaVM_runFile
FN:4101,_pikaVM_yield
FNDA:1923339,_pikaVM_yield
DA:64,1926294
DA:65,1926294
DA:66,1410855
DA:68,515439
DA:70,515441
DA:71,1
DA:73,515441
DA:76,1926296
DA:77,1926296
DA:78,1410855
DA:81,515441
DA:84,7
DA:85,7
DA:86,6
DA:88,1
DA:89,1
DA:90,1
DA:92,1
DA:95,555
DA:96,555
DA:99,516
DA:100,516
DA:103,33852687
DA:107,33852687
DA:112,33848373
DA:113,33848373
DA:116,548
DA:117,548
DA:176,515
DA:181,8755
DA:182,8240
DA:183,16
DA:184,16
DA:186,8240
DA:187,16
DA:188,16
DA:192,515
DA:194,548
DA:203,548
DA:204,17
DA:205,17
DA:207,531
DA:208,0
DA:210,531
DA:211,515
DA:212,515
DA:214,531
DA:215,515
DA:216,515
DA:218,531
DA:219,531
DA:220,531
DA:221,531
DA:222,531
DA:223,531
DA:227,33848013
DA:237,33848013
DA:238,33913453
DA:240,-31748
DA:241,-31748
DA:242,-31748
DA:243,-31748
DA:244,-31748
DA:245,-31748
DA:246,-31748
DA:250,33850016
DA:255,33850016
DA:256,33843511
DA:257,3836
DA:263,33839675
DA:265,-23629
DA:268,-23629
DA:269,531
DA:270,531
DA:275,1923295
DA:276,1923295
DA:279,227
DA:280,227
DA:281,227
DA:283,1059
DA:284,1059
DA:285,1059
DA:299,41
DA:300,41
DA:301,41
DA:303,103754
DA:305,103754
DA:309,250142
DA:311,250142
DA:312,250142
DA:316,58
DA:317,58
DA:322,102826
DA:324,102826
DA:325,102826
DA:328,994
DA:329,994
DA:330,994
DA:331,994
DA:334,8241
DA:335,9235
DA:337,9235
DA:338,9235
DA:339,9235
DA:340,9235
DA:341,9235
DA:342,1000
DA:343,1000
DA:345,1000
DA:347,1000
DA:348,4
DA:351,996
DA:352,996
DA:353,2
DA:355,994
DA:356,994
DA:360,994
DA:361,5079
DA:362,6073
DA:364,6073
DA:365,6073
DA:366,6073
DA:367,6073
DA:368,6073
DA:369,994
DA:370,994
DA:375,243477
DA:376,243477
DA:378,243477
DA:379,243477
DA:380,243477
DA:381,243477
DA:382,243477
DA:383,85089
DA:385,391576
DA:387,391576
DA:388,152
DA:390,391424
DA:391,391424
DA:392,266352
DA:393,266352
DA:394,266352
DA:395,85570
DA:398,391424
DA:399,84937
DA:403,243477
DA:405,1999375
DA:406,1999375
DA:407,1999375
DA:408,509029
DA:409,509029
DA:410,509029
DA:411,158388
DA:414,1999375
DA:415,158388
DA:419,243477
DA:422,967
DA:423,967
DA:425,967
DA:426,967
DA:430,22
DA:431,22
DA:432,22
DA:433,76
DA:434,98
DA:435,98
DA:436,1
DA:438,97
DA:439,97
DA:440,97
DA:441,16
DA:444,81
DA:445,5
DA:451,27
DA:452,27
DA:454,27
DA:457,2392
DA:458,2392
DA:459,2392
DA:460,363
DA:461,363
DA:462,363
DA:464,2392
DA:466,362
DA:467,362
DA:468,0
DA:470,362
DA:471,362
DA:472,362
DA:475,203
DA:476,2233
DA:477,2030
DA:479,203
DA:481,17710
DA:483,17710
DA:484,14844
DA:486,2866
DA:487,2866
DA:488,2866
DA:491,42344
DA:492,42344
DA:493,42344
DA:495,42344
DA:497,42344
DA:500,218426
DA:501,218426
DA:502,218426
DA:503,218223
DA:505,203
DA:508,601
DA:511,601
DA:519,601
DA:520,601
DA:521,601
DA:522,601
DA:525,696
DA:526,696
DA:527,591
DA:529,105
DA:531,16
DA:533,89
DA:534,89
DA:536,0
DA:539,9550
DA:540,105050
DA:541,95500
DA:543,9550
DA:545,121583
DA:546,121583
DA:547,4316
DA:548,4316
DA:550,117267
DA:553,3591
DA:554,3591
DA:557,363
DA:558,363
DA:559,363
DA:560,363
DA:562,363
DA:563,363
DA:564,0
DA:566,363
DA:567,363
DA:568,363
DA:570,203
DA:571,203
DA:572,203
DA:574,363
DA:575,363
DA:576,363
DA:579,0
DA:583,0
DA:586,676
DA:587,676
DA:588,676
DA:589,676
DA:590,676
DA:591,676
DA:592,576
DA:595,676
DA:596,5
DA:597,5
DA:600,676
DA:601,2
DA:602,2
DA:603,2
DA:606,674
DA:608,5
DA:609,5
DA:610,5
DA:621,674
DA:622,83
DA:623,83
DA:624,83
DA:625,83
DA:627,591
DA:628,591
DA:629,591
DA:630,591
DA:631,5
DA:633,586
DA:635,591
DA:641,591
DA:651,591
DA:652,588
DA:656,3
DA:658,591
DA:659,5
DA:661,591
DA:662,1
DA:663,1
DA:665,1
DA:667,590
DA:669,0
DA:672,20
DA:680,40
DA:681,20
DA:682,0
DA:684,20
DA:685,20
DA:686,20
DA:688,20
DA:689,1
DA:692,20
DA:693,4
DA:695,20
DA:696,4
DA:699,20
DA:700,0
DA:703,20
DA:704,1
DA:707,20
DA:708,0
DA:712,20
DA:713,1
DA:716,19
DA:717,10
DA:718,10
DA:719,10
DA:720,10
DA:721,10
DA:723,0
DA:725,10
DA:726,10
DA:729,9
DA:730,6
DA:731,45
DA:732,39
DA:733,39
DA:734,39
DA:735,39
DA:736,39
DA:737,39
DA:739,39
DA:740,39
DA:741,39
DA:742,39
DA:743,39
DA:744,39
DA:746,6
DA:749,3
DA:750,3
DA:753,3
DA:754,1
DA:755,3
DA:756,3
DA:757,10
DA:758,7
DA:759,7
DA:760,7
DA:761,7
DA:762,7
DA:764,3
DA:767,0
DA:773,646
DA:778,646
DA:779,646
DA:780,0
DA:782,646
DA:783,626
DA:784,626
DA:785,626
DA:786,626
DA:787,626
DA:788,626
DA:790,20
DA:791,20
DA:792,20
DA:793,20
DA:794,20
DA:795,20
DA:796,20
DA:797,20
DA:798,20
DA:800,0
DA:811,38
DA:815,38
DA:816,38
DA:817,38
DA:820,16
DA:824,16
DA:825,16
DA:828,38
DA:832,38
DA:833,38
DA:836,173
DA:840,173
DA:841,173
DA:842,173
DA:843,173
DA:844,173
DA:847,562387
DA:851,562387
DA:852,3
DA:858,3
DA:868,3
DA:869,3
DA:871,562384
DA:874,10
DA:878,10
DA:879,1
DA:885,1
DA:895,1
DA:896,1
DA:898,9
DA:901,562993
DA:905,562993
DA:906,562993
DA:907,562993
DA:908,562993
DA:910,562993
DA:911,147
DA:912,147
DA:913,140
DA:915,7
DA:916,48
DA:917,48
DA:918,48
DA:920,0
DA:921,412
DA:922,412
DA:923,412
DA:925,0
DA:926,8
DA:927,8
DA:928,5
DA:930,3
DA:933,562388
DA:934,562388
DA:936,1
DA:937,1
DA:938,1
DA:939,1
DA:941,1
DA:942,1
DA:946,562387
DA:947,562387
DA:951,562387
DA:952,31
DA:956,562387
DA:957,0
DA:961,562387
DA:962,562387
DA:966,562387
DA:967,562384
DA:971,562387
DA:972,1054
DA:976,562387
DA:977,1043
DA:981,562387
DA:982,161
DA:986,562387
DA:987,10
DA:989,562377
DA:990,562388
DA:991,9
DA:992,9
DA:995,562379
DA:996,562379
DA:997,562379
DA:999,562388
DA:1000,23
DA:1002,562388
DA:1005,38
DA:1009,38
DA:1010,38
DA:1011,38
DA:1014,18175
DA:1015,18175
DA:1016,18175
DA:1017,18175
DA:1020,18175
DA:1025,18175
DA:1026,18175
DA:1028,18175
DA:1030,18175
DA:1032,18175
DA:1033,0
DA:1037,18175
DA:1038,1608
DA:1041,18175
DA:1044,18175
DA:1046,16103
DA:1048,16103
DA:1049,2072
DA:1051,464
DA:1053,464
DA:1058,1608
DA:1059,1608
DA:1061,1608
DA:1062,1608
DA:1066,1608
DA:1069,18175
DA:1070,18175
DA:1071,636
DA:1072,635
DA:1073,635
DA:1077,18175
DA:1078,18175
DA:1081,473
DA:1085,473
DA:1089,17702
DA:1094,17702
DA:1098,186
DA:1101,186
DA:1103,186
DA:1107,5877
DA:1115,5877
DA:1116,5877
DA:1117,5877
DA:1118,4913
DA:1120,6004
DA:1121,140
DA:1122,140
DA:1124,140
DA:1125,83
DA:1126,83
DA:1127,46
DA:1128,46
DA:1129,46
DA:1132,140
DA:1134,94
DA:1136,50
DA:1137,22
DA:1138,22
DA:1139,22
DA:1142,28
DA:1143,13
DA:1145,13
DA:1146,13
DA:1150,105
DA:1152,5864
DA:1155,5841
DA:1159,5841
DA:1160,5825
DA:1162,16
DA:1163,16
DA:1164,15
DA:1166,1
DA:1167,1
DA:1168,1
DA:1171,17989
DA:1172,17989
DA:1173,17989
DA:1174,17983
DA:1176,17
DA:1177,11
DA:1178,11
DA:1179,11
DA:1180,11
DA:1181,11
DA:1182,11
DA:1186,17989
DA:1187,27899
DA:1188,9910
DA:1189,9910
DA:1190,9910
DA:1192,17989
DA:1194,17993
DA:1195,17993
DA:1196,10899
DA:1197,10899
DA:1199,7094
DA:1200,7094
DA:1201,7094
DA:1203,7094
DA:1204,45
DA:1205,45
DA:1206,45
DA:1209,7094
DA:1210,673
DA:1211,673
DA:1212,673
DA:1215,6421
DA:1216,6
DA:1217,6
DA:1218,6
DA:1221,6415
DA:1222,1450
DA:1223,1450
DA:1224,1450
DA:1225,1450
DA:1227,4965
DA:1228,4965
DA:1231,80
DA:1232,80
DA:1233,29
DA:1235,80
DA:1236,29
DA:1238,80
DA:1239,80
DA:1240,80
DA:1241,80
DA:1242,80
DA:1243,80
DA:1244,80
DA:1246,8305
DA:1253,8305
DA:1254,80
DA:1255,80
DA:1258,8225
DA:1259,2385
DA:1260,2371
DA:1262,2371
DA:1263,2371
DA:1265,2371
DA:1268,5854
DA:1270,5854
DA:1271,5854
DA:1273,13
DA:1276,5841
DA:1278,1
DA:1280,1
DA:1281,1
DA:1282,1
DA:1285,5840
DA:1286,5840
DA:1287,5840
DA:1288,5840
DA:1291,17993
DA:1295,17993
DA:1296,17993
DA:1297,17993
DA:1298,26482
DA:1299,8489
DA:1300,8489
DA:1301,0
DA:1303,8489
DA:1304,12
DA:1307,17993
DA:1308,17981
DA:1310,12
DA:1311,12
DA:1312,27
DA:1314,15
DA:1315,15
DA:1316,0
DA:1318,15
DA:1319,10
DA:1320,10
DA:1321,10
DA:1322,29
DA:1323,19
DA:1329,19
DA:1339,19
DA:1340,19
DA:1341,19
DA:1342,19
DA:1344,10
DA:1346,5
DA:1347,2
DA:1349,2
DA:1350,2
DA:1351,2
DA:1352,2
DA:1353,5
DA:1354,7
DA:1355,7
DA:1356,2
DA:1359,5
DA:1360,5
DA:1361,5
DA:1363,2
DA:1365,3
DA:1366,15
DA:1367,15
DA:1368,15
DA:1371,12
DA:1372,39
DA:1373,27
DA:1374,27
DA:1376,12
DA:1377,12
DA:1382,17993
DA:1388,17993
DA:1389,17993
DA:1390,17993
DA:1391,17993
DA:1392,17993
DA:1393,17993
DA:1394,17993
DA:1395,17993
DA:1397,17993
DA:1398,17993
DA:1399,0
DA:1402,0
DA:1404,17993
DA:1407,17993
DA:1408,17993
DA:1410,392
DA:1413,17993
DA:1417,17993
DA:1418,17699
DA:1425,17404
DA:1426,15316
DA:1427,2
DA:1428,2
DA:1432,2
DA:1433,2
DA:1435,15314
DA:1438,2088
DA:1439,1455
DA:1441,633
DA:1442,596
DA:1443,1
DA:1444,1
DA:1449,1
DA:1450,1
DA:1452,595
DA:1454,37
DA:1455,37
DA:1456,37
DA:1457,37
DA:1458,1
DA:1459,1
DA:1463,1
DA:1464,1
DA:1470,17989
DA:1471,2166
DA:1473,15823
DA:1477,17989
DA:1478,2166
DA:1479,0
DA:1481,0
DA:1484,2166
DA:1485,2166
DA:1486,6191
DA:1487,4025
DA:1488,4025
DA:1491,2122
DA:1493,2122
DA:1494,2122
DA:1496,2122
DA:1498,2122
DA:1500,1903
DA:1502,1456
DA:1503,1456
DA:1504,1456
DA:1506,1456
DA:1507,1456
DA:1513,26294
DA:1514,8305
DA:1515,8305
DA:1516,8305
DA:1521,17989
DA:1522,23
DA:1523,23
DA:1526,17989
DA:1529,17989
DA:1530,2122
DA:1533,2122
DA:1534,2122
DA:1536,2122
DA:1537,2122
DA:1540,17989
DA:1541,1485
DA:1542,29
DA:1546,1485
DA:1547,1485
DA:1548,1485
DA:1549,1485
DA:1550,1485
DA:1554,17989
DA:1555,392
DA:1556,392
DA:1557,367
DA:1559,392
DA:1560,392
DA:1561,392
DA:1563,17989
DA:1564,17993
DA:1565,17993
DA:1568,1750
DA:1569,1750
DA:1570,1750
DA:1571,1750
DA:1573,352
DA:1574,352
DA:1575,352
DA:1576,352
DA:1583,222
DA:1587,222
DA:1588,222
DA:1589,222
DA:1590,222
DA:1591,222
DA:1592,222
DA:1594,433
DA:1595,211
DA:1596,211
DA:1597,211
DA:1599,433
DA:1600,211
DA:1601,211
DA:1602,211
DA:1603,211
DA:1605,222
DA:1606,222
DA:1612,187
DA:1616,187
DA:1619,188
DA:1620,188
DA:1621,188
DA:1622,188
DA:1623,188
DA:1624,188
DA:1626,836
DA:1627,836
DA:1628,836
DA:1629,836
DA:1630,836
DA:1631,836
DA:1632,836
DA:1633,836
DA:1634,836
DA:1640,179
DA:1645,179
DA:1646,179
DA:1647,179
DA:1648,179
DA:1649,179
DA:1651,1585
DA:1652,1406
DA:1653,1406
DA:1655,882
DA:1656,703
DA:1657,703
DA:1658,703
DA:1659,703
DA:1660,703
DA:1662,179
DA:1663,179
DA:1669,1546
DA:1674,1546
DA:1675,1546
DA:1677,1546
DA:1678,1546
DA:1679,1546
DA:1683,29
DA:1685,29
DA:1686,29
DA:1688,1656
DA:1689,1656
DA:1690,0
DA:1692,1656
DA:1693,29
DA:1698,58
DA:1699,58
DA:1700,0
DA:1702,58
DA:1704,29
DA:1705,29
DA:1712,29
DA:1714,29
DA:1715,29
DA:1717,1727
DA:1718,1727
DA:1719,0
DA:1721,1727
DA:1722,29
DA:1727,87
DA:1728,87
DA:1729,0
DA:1731,87
DA:1733,29
DA:1734,29
DA:1740,107665
DA:1744,107665
DA:1745,107665
DA:1746,107665
DA:1747,107665
DA:1748,107665
DA:1749,107665
DA:1750,107665
DA:1751,107665
DA:1752,107665
DA:1753,107665
DA:1755,107665
DA:1756,107665
DA:1757,107665
DA:1759,107665
DA:1762,107665
DA:1763,100371
DA:1764,100371
DA:1765,172
DA:1770,107665
DA:1771,89835
DA:1773,89800
DA:1774,89800
DA:1777,35
DA:1778,35
DA:1783,17830
DA:1784,29
DA:1785,29
DA:1786,29
DA:1787,29
DA:1792,17830
DA:1793,120
DA:1794,120
DA:1797,17710
DA:1798,0
DA:1799,0
DA:1803,17710
DA:1804,17710
DA:1809,17710
DA:1811,138
DA:1812,138
DA:1813,138
DA:1814,0
DA:1817,0
DA:1819,334
DA:1820,196
DA:1822,138
DA:1823,138
DA:1824,138
DA:1825,138
DA:1828,196
DA:1829,58
DA:1835,17710
DA:1836,14706
DA:1840,17710
DA:1841,256
DA:1845,17710
DA:1847,0
DA:1848,0
DA:1849,0
DA:1852,17710
DA:1855,17710
DA:1856,33
DA:1857,29
DA:1858,29
DA:1863,17710
DA:1864,17681
DA:1868,17710
DA:1869,17710
DA:1873,17710
DA:1874,2163
DA:1878,17710
DA:1879,2163
DA:1880,2163
DA:1881,2158
DA:1886,17710
DA:1888,5
DA:1889,5
DA:1891,5
DA:1895,17705
DA:1897,1
DA:1898,1
DA:1900,1
DA:1904,17704
DA:1907,17704
DA:1911,17704
DA:1912,2
DA:1916,17702
DA:1918,17702
DA:1919,85
DA:1920,85
DA:1921,85
DA:1925,17702
DA:1927,5
DA:1931,17702
DA:1932,649
DA:1933,649
DA:1935,649
DA:1936,649
DA:1937,649
DA:1938,649
DA:1939,649
DA:1940,649
DA:1941,360
DA:1943,289
DA:1946,289
DA:1947,2
DA:1949,287
DA:1951,649
DA:1952,649
DA:1953,70
DA:1956,649
DA:1958,649
DA:1959,649
DA:1960,289
DA:1965,17702
DA:1966,17702
DA:1967,0
DA:1971,17702
DA:1973,10
DA:1976,17702
DA:1977,107665
DA:1978,107665
DA:1979,17705
DA:1981,107665
DA:1983,17704
DA:1985,17704
DA:1987,107665
DA:1988,138
DA:1990,107665
DA:1992,546
DA:1994,107665
DA:1995,107665
DA:1998,78
DA:1999,78
DA:2000,78
DA:2001,78
DA:2002,742
DA:2004,664
DA:2005,86
DA:2006,86
DA:2007,86
DA:2008,86
DA:2009,86
DA:2010,86
DA:2011,86
DA:2013,578
DA:2014,59
DA:2015,4
DA:2016,4
DA:2017,4
DA:2018,47
DA:2019,47
DA:2020,47
DA:2021,0
DA:2022,0
DA:2023,0
DA:2024,0
DA:2025,0
DA:2026,0
DA:2027,8
DA:2028,8
DA:2029,8
DA:2030,0
DA:2031,0
DA:2032,0
DA:2033,0
DA:2034,0
DA:2035,0
DA:2036,0
DA:2037,0
DA:2038,0
DA:2039,0
DA:2040,0
DA:2041,0
DA:2043,59
DA:2044,59
DA:2047,519
DA:2049,78
DA:2050,78
DA:2053,3446
DA:2057,3446
DA:2058,69
DA:2059,69
DA:2060,69
DA:2061,69
DA:2062,69
DA:2063,69
DA:2064,69
DA:2066,3377
DA:2069,27
DA:2073,27
DA:2074,9
DA:2075,9
DA:2076,9
DA:2077,9
DA:2079,9
DA:2080,9
DA:2081,9
DA:2083,18
DA:2086,264
DA:2090,264
DA:2091,5
DA:2092,5
DA:2098,5
DA:2108,5
DA:2109,5
DA:2111,259
DA:2114,102767
DA:2118,102767
DA:2119,102767
DA:2120,102767
DA:2121,102767
DA:2122,102767
DA:2123,102767
DA:2124,102767
DA:2125,3
DA:2127,102764
DA:2128,102764
DA:2130,75
DA:2131,75
DA:2132,75
DA:2133,75
DA:2134,75
DA:2137,102689
DA:2138,363
DA:2139,363
DA:2140,363
DA:2141,363
DA:2143,363
DA:2146,102326
DA:2148,102326
DA:2149,58
DA:2151,58
DA:2152,58
DA:2154,138
DA:2155,80
DA:2157,80
DA:2158,26
DA:2161,58
DA:2164,102326
DA:2165,314
DA:2168,102326
DA:2169,1
DA:2170,1
DA:2174,102326
DA:2175,102062
DA:2176,102062
DA:2179,264
DA:2181,264
DA:2182,1
DA:2185,264
DA:2186,264
DA:2187,5
DA:2189,259
DA:2190,259
DA:2193,0
DA:2194,0
DA:2198,345
DA:2202,345
DA:2204,172
DA:2205,172
DA:2206,172
DA:2209,173
DA:2210,173
DA:2211,173
DA:2212,173
DA:2215,188112
DA:2220,188112
DA:2221,176540
DA:2224,11572
DA:2225,9
DA:2227,11563
DA:2228,1
DA:2229,1
DA:2230,1
DA:2231,1
DA:2233,11562
DA:2234,1
DA:2235,1
DA:2236,1
DA:2239,23045
DA:2240,22966
DA:2241,79
DA:2244,11482
DA:2247,159674
DA:2251,159674
DA:2252,159674
DA:2255,0
DA:2259,0
DA:2260,0
DA:2263,244411
DA:2268,244411
DA:2269,244411
DA:2270,244411
DA:2272,244411
DA:2274,82426
DA:2278,244411
DA:2279,633
DA:2280,633
DA:2283,244411
DA:2286,244271
DA:2290,244271
DA:2291,244271
DA:2292,244271
DA:2293,244270
DA:2294,244270
DA:2296,244271
DA:2299,140
DA:2303,140
DA:2304,140
DA:2305,140
DA:2306,140
DA:2307,140
DA:2309,140
DA:2312,650809
DA:2313,650809
DA:2314,650809
DA:2315,650809
DA:2316,650809
DA:2317,962166
DA:2318,1612975
DA:2319,1612975
DA:2320,1612975
DA:2321,1612975
DA:2322,6031
DA:2324,1606944
DA:2325,1052738
DA:2326,106
DA:2328,1052632
DA:2330,1606838
DA:2331,573966
DA:2333,1032872
DA:2334,70812
DA:2337,650809
DA:2340,541739
DA:2345,541739
DA:2346,541739
DA:2347,541739
DA:2348,409204
DA:2349,409204
DA:2350,341907
DA:2351,341907
DA:2352,67297
DA:2353,89
DA:2354,89
DA:2355,67208
DA:2356,66220
DA:2357,66220
DA:2360,541739
DA:2361,541739
DA:2362,541739
DA:2363,341973
DA:2364,341973
DA:2365,199766
DA:2366,25
DA:2367,25
DA:2368,199741
DA:2369,198703
DA:2370,198703
DA:2372,541739
DA:2374,90427
DA:2376,90427
DA:2377,1
DA:2378,0
DA:2379,0
DA:2380,0
DA:2381,0
DA:2383,1
DA:2384,1
DA:2385,1
DA:2386,0
DA:2387,0
DA:2388,0
DA:2389,0
DA:2391,1
DA:2392,1
DA:2393,1
DA:2399,1
DA:2410,1
DA:2411,1
DA:2412,1
DA:2413,1
DA:2417,90426
DA:2418,179
DA:2419,179
DA:2420,179
DA:2421,179
DA:2422,179
DA:2423,179
DA:2424,179
DA:2425,179
DA:2426,179
DA:2429,90247
DA:2430,1
DA:2431,1
DA:2432,1
DA:2433,1
DA:2434,1
DA:2435,1
DA:2436,1
DA:2437,1
DA:2438,1
DA:2442,90246
DA:2443,9
DA:2444,9
DA:2447,90237
DA:2448,90237
DA:2451,83
DA:2453,83
DA:2454,0
DA:2455,0
DA:2456,0
DA:2457,0
DA:2458,0
DA:2460,0
DA:2461,0
DA:2462,0
DA:2463,0
DA:2464,0
DA:2465,0
DA:2466,0
DA:2468,0
DA:2469,0
DA:2470,0
DA:2476,0
DA:2487,0
DA:2488,0
DA:2489,0
DA:2490,0
DA:2493,83
DA:2494,0
DA:2495,0
DA:2496,0
DA:2498,0
DA:2499,0
DA:2500,0
DA:2503,83
DA:2504,37
DA:2505,37
DA:2507,46
DA:2508,46
DA:2511,82231
DA:2512,82231
DA:2513,82231
DA:2514,54
DA:2515,54
DA:2518,82177
DA:2519,227
DA:2520,193
DA:2521,193
DA:2523,34
DA:2524,30
DA:2525,30
DA:2529,81954
DA:2530,406
DA:2531,406
DA:2534,81548
DA:2535,2
DA:2536,0
DA:2537,0
DA:2539,2
DA:2540,4
DA:2541,3
DA:2542,1
DA:2543,1
DA:2546,1
DA:2548,81546
DA:2549,146
DA:2550,146
DA:2552,81400
DA:2553,3
DA:2554,3
DA:2557,81397
DA:2558,81397
DA:2559,82231
DA:2560,82231
DA:2561,82128
DA:2563,103
DA:2565,82231
DA:2568,4
DA:2569,4
DA:2570,2
DA:2571,2
DA:2572,2
DA:2574,2
DA:2575,1
DA:2576,4
DA:2577,3
DA:2579,1
DA:2580,1
DA:2581,1
DA:2582,1
DA:2583,4
DA:2584,3
DA:2586,1
DA:2587,1
DA:2590,0
DA:2591,0
DA:2592,0
DA:2593,0
DA:2603,541739
DA:2607,541739
DA:2608,541739
DA:2609,541739
DA:2610,541739
DA:2611,541739
DA:2613,409204
DA:2614,409204
DA:2615,132535
DA:2617,132535
DA:2618,132535
DA:2621,541739
DA:2622,541739
DA:2623,90427
DA:2624,90427
DA:2625,90427
DA:2626,79557
DA:2627,79557
DA:2628,79557
DA:2629,79557
DA:2631,0
DA:2632,0
DA:2634,0
DA:2635,0
DA:2636,83
DA:2637,83
DA:2638,83
DA:2640,371672
DA:2641,82125
DA:2642,82125
DA:2644,289547
DA:2645,90710
DA:2646,90471
DA:2647,90471
DA:2648,90471
DA:2649,59
DA:2650,59
DA:2651,10
DA:2652,10
DA:2653,10
DA:2655,49
DA:2656,32
DA:2657,32
DA:2659,17
DA:2660,17
DA:2661,0
DA:2662,0
DA:2663,0
DA:2664,0
DA:2666,0
DA:2667,0
DA:2669,0
DA:2670,0
DA:2671,2
DA:2672,2
DA:2673,2
DA:2674,2
DA:2676,0
DA:2677,0
DA:2679,0
DA:2680,0
DA:2681,1
DA:2682,1
DA:2683,1
DA:2684,1
DA:2686,0
DA:2687,0
DA:2689,0
DA:2690,0
DA:2691,7
DA:2692,7
DA:2693,0
DA:2694,0
DA:2696,0
DA:2697,0
DA:2699,7
DA:2700,7
DA:2701,170
DA:2702,170
DA:2703,170
DA:2706,198837
DA:2707,10
DA:2708,3
DA:2709,1
DA:2711,2
DA:2713,3
DA:2716,7
DA:2717,7
DA:2718,7
DA:2719,7
DA:2720,7
DA:2721,7
DA:2727,7
DA:2739,7
DA:2740,7
DA:2741,7
DA:2742,7
DA:2747,0
DA:2748,0
DA:2751,0
DA:2752,0
DA:2754,198827
DA:2755,4
DA:2756,4
DA:2758,198823
DA:2759,1
DA:2760,1
DA:2761,1
DA:2763,0
DA:2764,0
DA:2766,0
DA:2767,0
DA:2769,198822
DA:2771,106
DA:2772,0
DA:2773,0
DA:2775,0
DA:2777,0
DA:2780,106
DA:2781,106
DA:2782,106
DA:2784,198716
DA:2785,0
DA:2787,0
DA:2788,0
DA:2789,0
DA:2791,198716
DA:2792,13
DA:2794,16
DA:2795,3
DA:2796,13
DA:2798,198703
DA:2799,0
DA:2800,0
DA:2801,0
DA:2803,0
DA:2804,0
DA:2806,0
DA:2807,0
DA:2809,198703
DA:2810,1
DA:2811,1
DA:2812,1
DA:2814,0
DA:2815,0
DA:2817,0
DA:2818,0
DA:2820,198702
DA:2821,2
DA:2822,2
DA:2823,2
DA:2825,198700
DA:2826,66210
DA:2827,66210
DA:2828,66210
DA:2830,132490
DA:2831,132490
DA:2832,132490
DA:2833,132490
DA:2835,0
DA:2836,541739
DA:2837,409204
DA:2839,541739
DA:2840,541739
DA:2842,541739
DA:2843,541739
DA:2845,0
DA:2848,1289
DA:2852,1289
DA:2854,1289
DA:2855,1289
DA:2857,1289
DA:2858,629
DA:2859,629
DA:2861,1289
DA:2863,2578
DA:2865,3867
DA:2866,3867
DA:2867,1289
DA:2868,1289
DA:2870,2578
DA:2871,1289
DA:2872,629
DA:2875,660
DA:2876,142
DA:2880,518
DA:2885,1289
DA:2887,1289
DA:2890,1289
DA:2893,1147
DA:2897,1147
DA:2900,142
DA:2904,142
DA:2907,7
DA:2914,7
DA:2915,7
DA:2916,7
DA:2917,7
DA:2918,7
DA:2921,57
DA:2928,57
DA:2929,57
DA:2930,57
DA:2931,57
DA:2932,57
DA:2933,57
DA:2934,57
DA:2935,48
DA:2937,57
DA:2938,9
DA:2939,9
DA:2942,114
DA:2943,114
DA:2944,57
DA:2945,2
DA:2946,2
DA:2948,2
DA:2949,1
DA:2951,2
DA:2952,1
DA:2955,2
DA:2957,55
DA:2958,57
DA:2959,57
DA:2960,9
DA:2962,57
DA:2965,2815
DA:2969,2815
DA:2970,2815
DA:2972,1381
DA:2974,2815
DA:2977,459
DA:2981,459
DA:2982,362
DA:2983,362
DA:2985,97
DA:2986,97
DA:2987,97
DA:2989,0
DA:2990,0
DA:2991,0
DA:2993,0
DA:2994,0
DA:2995,459
DA:2996,459
DA:2999,3314
DA:3003,3314
DA:3004,3314
DA:3005,82
DA:3007,3232
DA:3008,346
DA:3010,2886
DA:3013,967
DA:3018,967
DA:3019,967
DA:3022,27
DA:3027,27
DA:3028,27
DA:3031,26
DA:3035,26
DA:3036,26
DA:3038,26
DA:3039,12
DA:3040,12
DA:3041,12
DA:3044,14
DA:3045,14
DA:3046,14
DA:3047,14
DA:3048,14
DA:3049,26
DA:3050,26
DA:3051,14
DA:3053,26
DA:3056,340
DA:3061,340
DA:3062,129
DA:3066,211
DA:3067,90
DA:3068,90
DA:3071,121
DA:3072,119
DA:3074,2
DA:3075,2
DA:3076,1
DA:3079,2
DA:3124,0
DA:3125,0
DA:3128,0
DA:3130,0
DA:3131,0
DA:3132,0
DA:3133,0
DA:3134,0
DA:3137,0
DA:3138,0
DA:3143,0
DA:3145,0
DA:3146,0
DA:3149,0
DA:3150,0
DA:3153,0
DA:3154,0
DA:3155,0
DA:3157,0
DA:3158,0
DA:3161,0
DA:3163,0
DA:3166,1923339
DA:3168,1923339
DA:3170,1923339
DA:3171,1923339
DA:3172,1923339
DA:3173,1923339
DA:3177,0
DA:3179,0
DA:3180,0
DA:3181,0
DA:3182,0
DA:3183,0
DA:3185,0
DA:3186,0
DA:3188,0
DA:3191,35773
DA:3194,35773
DA:3195,35773
DA:3198,246791
DA:3199,35773
DA:3201,211018
DA:3202,211018
DA:3203,0
DA:3206,35773
DA:3208,35773
DA:3210,35773
DA:3211,0
DA:3214,0
DA:3215,0
DA:3216,0
DA:3217,0
DA:3219,0
DA:3220,0
DA:3222,0
DA:3225,35773
DA:3246,1923339
DA:3249,1923339
DA:3250,1923339
DA:3251,1923339
DA:3253,1923339
DA:3254,1923339
DA:3256,1923339
DA:3259,1923339
DA:3260,1923339
DA:3262,0
DA:3264,1923339
DA:3266,1923339
DA:3271,3846634
DA:3272,1923295
DA:3274,172
DA:3275,22
DA:3278,150
DA:3282,1923339
DA:3283,1400467
DA:3285,1923339
DA:3286,1923339
DA:3288,1923339
DA:3289,1693
DA:3290,1693
DA:3293,1921646
DA:3294,967
DA:3295,967
DA:3298,1920679
DA:3299,27
DA:3300,27
DA:3304,1920652
DA:3305,22
DA:3306,22
DA:3308,6
DA:3309,6
DA:3310,6
DA:3312,16
DA:3313,16
DA:3317,1920630
DA:3318,243477
DA:3319,243477
DA:3322,1677153
DA:3325,1677153
DA:3326,0
DA:3327,0
DA:3328,0
DA:3329,0
DA:3331,0
DA:3332,0
DA:3333,0
DA:3334,0
DA:3336,0
DA:3340,1677153
DA:3341,1923339
DA:3342,1923339
DA:3344,1923339
DA:3345,7832
DA:3347,1915507
DA:3350,39
DA:3352,39
DA:3353,39
DA:3354,39
DA:3355,39
DA:3356,39
DA:3359,279
DA:3360,279
DA:3361,279
DA:3362,279
DA:3364,274
DA:3366,279
DA:3367,279
DA:3368,279
DA:3370,279
DA:3373,279
DA:3374,279
DA:3375,279
DA:3378,863
DA:3380,863
DA:3381,711
DA:3382,704
DA:3384,159
DA:3387,7044
DA:3390,7044
DA:3391,7044
DA:3392,7044
DA:3393,7044
DA:3394,16875
DA:3395,23919
DA:3396,23919
DA:3397,6924
DA:3399,16995
DA:3400,16995
DA:3401,120
DA:3402,120
DA:3403,120
DA:3405,16875
DA:3407,7044
DA:3408,7044
DA:3409,7044
DA:3412,7044
DA:3414,7044
DA:3415,6924
DA:3417,120
DA:3420,863
DA:3421,863
DA:3422,863
DA:3423,863
DA:3424,863
DA:3430,863
DA:3431,863
DA:3432,704
DA:3434,704
DA:3439,863
DA:3440,863
DA:3441,8
DA:3442,8
DA:3443,8
DA:3446,855
DA:3447,855
DA:3448,863
DA:3449,863
DA:3450,863
DA:3452,863
DA:3455,7044
DA:3461,7044
DA:3462,7044
DA:3463,7044
DA:3468,7044
DA:3469,7044
DA:3470,6924
DA:3472,6924
DA:3474,6924
DA:3479,7044
DA:3484,7044
DA:3486,7044
DA:3487,7044
DA:3488,7044
DA:3489,6924
DA:3491,7044
DA:3494,2
DA:3495,2
DA:3496,2
DA:3497,2
DA:3498,2
DA:3499,0
DA:3501,2
DA:3503,2
DA:3504,2
DA:3505,2
DA:3506,2
DA:3509,95
DA:3510,95
DA:3511,95
DA:3512,95
DA:3513,95
DA:3514,0
DA:3516,95
DA:3518,95
DA:3519,95
DA:3520,95
DA:3521,95
DA:3524,863
DA:3525,863
DA:3528,6453
DA:3529,6453
DA:3531,6453
DA:3535,136
DA:3538,136
DA:3539,136
DA:3540,136
DA:3541,0
DA:3543,136
DA:3545,136
DA:3546,136
DA:3547,136
DA:3550,588
DA:3557,588
DA:3559,588
DA:3560,588
DA:3561,1
DA:3563,587
DA:3565,587
DA:3566,587
DA:3567,587
DA:3570,3
DA:3571,3
DA:3573,3
DA:3577,13962
DA:3578,13962
DA:3579,13962
DA:3581,8233
DA:3582,8233
DA:3583,8233
DA:3584,8233
DA:3585,8233
DA:3586,8233
DA:3587,8233
DA:3588,8233
DA:3590,15437
DA:3591,15437
DA:3592,1111
DA:3594,15437
DA:3596,13962
DA:3597,13962
DA:3598,1108
DA:3600,13962
DA:3601,13962
DA:3602,11402
DA:3604,2560
DA:3606,13962
DA:3607,13962
DA:3608,13962
DA:3610,2758517
DA:3611,2758517
DA:3613,16691
DA:3615,2741826
DA:3616,2741826
DA:3619,35774
DA:3620,35774
DA:3622,35774
DA:3623,35774
DA:3624,35774
DA:3625,1118
DA:3628,924528
DA:3629,16617
DA:3631,907911
DA:3632,18039
DA:3633,18039
DA:3636,35774
DA:3638,35774
DA:3639,35774
DA:3642,925071
DA:3643,925071
DA:3644,925071
DA:3647,4
DA:3648,4
DA:3650,4
DA:3651,10
DA:3652,6
DA:3654,4
DA:3656,4
DA:3657,4
DA:3660,37
DA:3661,37
DA:3663,37
DA:3664,269
DA:3665,306
DA:3666,37
DA:3668,269
DA:3669,269
DA:3671,37
DA:3673,37
DA:3674,37
DA:3677,8232
DA:3681,8232
DA:3682,8232
DA:3683,8232
DA:3686,14139
DA:3689,14139
DA:3690,58
DA:3692,58
DA:3694,14139
DA:3695,14139
DA:3696,14139
DA:3697,14139
DA:3698,14139
DA:3699,14139
DA:3700,14139
DA:3701,14139
DA:3702,14139
DA:3703,14139
DA:3704,3
DA:3705,3
DA:3706,3
DA:3707,3
DA:3708,3
DA:3709,3
DA:3710,3
DA:3711,3
DA:3712,3
DA:3714,14139
DA:3715,14139
DA:3717,7095
DA:3718,7095
DA:3719,7095
DA:3721,15436
DA:3722,15436
DA:3723,15436
DA:3724,15436
DA:3726,8233
DA:3727,8233
DA:3728,8233
DA:3729,8233
DA:3730,8233
DA:3731,8233
DA:3732,8233
DA:3733,8233
DA:3735,15437
DA:3736,15437
DA:3737,1112
DA:3739,15437
DA:3741,35774
DA:3742,35774
DA:3743,1109
DA:3745,35774
DA:3746,11942
DA:3747,11942
DA:3749,23832
DA:3751,35774
DA:3752,35774
DA:3753,35774
DA:3755,2
DA:3756,2
DA:3757,2
DA:3758,2
DA:3759,2
DA:3761,35774
DA:3762,35774
DA:3763,35774
DA:3765,54850
DA:3766,54850
DA:3768,14088
DA:3770,40762
DA:3771,40762
DA:3774,23843
DA:3775,23843
DA:3776,23843
DA:3781,719
DA:3783,719
DA:3784,719
DA:3787,4377
DA:3788,719
DA:3790,3658
DA:3791,3658
DA:3792,0
DA:3795,719
DA:3796,719
DA:3798,719
DA:3799,719
DA:3800,719
DA:3802,0
DA:3804,0
DA:3805,0
DA:3806,0
DA:3807,0
DA:3809,0
DA:3810,0
DA:3811,0
DA:3821,3
DA:3822,3
DA:3823,2
DA:3825,3
DA:3827,3
DA:3828,3
DA:3830,716
DA:3835,716
DA:3837,716
DA:3838,716
DA:3839,716
DA:3841,36
DA:3842,36
DA:3843,36
DA:3844,685
DA:3845,721
DA:3846,721
DA:3847,36
DA:3849,685
DA:3850,685
DA:3852,36
DA:3853,36
DA:3854,36
DA:3857,1
DA:3858,1
DA:3859,1
DA:3860,1
DA:3861,2
DA:3862,2
DA:3863,1
DA:3865,1
DA:3866,1
DA:3868,1
DA:3869,1
DA:3870,1
DA:3873,33
DA:3874,33
DA:3875,33
DA:3876,33
DA:3877,33
DA:3878,33
DA:3879,33
DA:3880,33
DA:3881,33
DA:3882,33
DA:3883,33
DA:3884,483
DA:3885,516
DA:3886,516
DA:3887,33
DA:3889,2415
DA:3890,1932
DA:3891,1932
DA:3892,1932
DA:3893,1932
DA:3894,153
DA:3897,483
DA:3899,33
DA:3900,33
DA:3901,33
DA:3902,33
DA:3905,1
DA:3906,1
DA:3909,36
DA:3910,36
DA:3911,36
DA:3912,36
DA:3913,36
DA:3914,36
DA:3915,36
DA:3917,527203
DA:3918,527203
DA:3919,527864
DA:3920,661
DA:3921,661
DA:3922,661
DA:3923,490
DA:3924,490
DA:3926,171
DA:3927,10
DA:3928,10
DA:3930,161
DA:3931,161
DA:3933,527203
DA:3935,9550
DA:3942,9550
DA:3943,9550
DA:3945,9550
DA:3958,9550
DA:3959,9550
DA:3960,9550
DA:3961,1059
DA:3963,9550
DA:3964,1932889
DA:3965,1932870
DA:3966,9531
DA:3968,1923339
DA:3969,1923339
DA:3970,1923339
DA:3971,517653
DA:3972,517653
DA:3973,517653
DA:3974,517653
DA:3976,1923339
DA:3977,1923339
DA:3980,1923339
DA:3984,1923339
DA:3986,1923339
DA:3987,44
DA:3988,44
DA:3991,79
DA:3992,44
DA:3994,35
DA:3996,44
DA:3997,22
DA:4000,44
DA:4002,31
DA:4003,9
DA:4005,22
DA:4007,31
DA:4009,31
DA:4010,31
DA:4011,22
DA:4015,44
DA:4016,44
DA:4019,9550
DA:4020,9550
DA:4021,9550
DA:4022,9550
DA:4025,898
DA:4027,898
DA:4029,898
DA:4033,33
DA:4034,33
DA:4035,33
DA:4036,33
DA:4037,33
DA:4038,33
DA:4039,33
DA:4040,33
DA:4041,33
DA:4042,33
DA:4044,33
DA:4045,33
DA:4046,190
DA:4047,223
DA:4048,33
DA:4050,190
DA:4052,190
DA:4053,1335
DA:4054,1145
DA:4055,1145
DA:4056,1145
DA:4057,81
DA:4062,33
DA:4064,33
DA:4065,33
DA:4066,33
DA:4069,33
DA:4070,33
DA:4071,33
DA:4072,33
DA:4073,33
DA:4074,33
DA:4075,33
DA:4077,2
DA:4078,2
DA:4079,2
DA:4080,2
DA:4081,2
DA:4082,2
DA:4083,2
DA:4084,2
DA:4085,2
DA:4086,2
DA:4088,2
DA:4089,2
DA:4091,2
DA:4093,2
DA:4094,2
DA:4095,2
DA:4097,2
DA:4098,2
DA:4101,1923339
DA:4103,1923339
DA:4105,1923339
DA:4106,1923339
DA:4107,1923339
end_of_record
SF:/root/pikascript/port/linux/package/pikascript/pikascript-core/dataArg.h
FN:105,arg_setType
FNDA:1081,arg_setType
FN:109,arg_getNameHash
FNDA:80,arg_getNameHash
FN:114,arg_getType
FNDA:1833596,arg_getType
FN:130,arg_newInt
FNDA:86,arg_newInt
FN:146,arg_newStr
FNDA:1190,arg_newStr
FN:150,arg_newNull
FNDA:1112,arg_newNull
FN:154,arg_newBytes
FNDA:152,arg_newBytes
FN:209,arg_isSerialized
FNDA:49736,arg_isSerialized
FN:220,arg_getIsKeyword
FNDA:8305,arg_getIsKeyword
FN:225,arg_setIsKeyword
FNDA:160,arg_setIsKeyword
FN:241,arg_setIsStarred
FNDA:10,arg_setIsStarred
FN:246,arg_getIsStarred
FNDA:8502,arg_getIsStarred
FN:251,arg_setIsDoubleStarred
FNDA:2,arg_setIsDoubleStarred
FN:256,arg_getIsDoubleStarred
FNDA:8494,arg_getIsDoubleStarred
FN:261,arg_getContent
FNDA:49736,arg_getContent
FN:267,argType_isObject
FNDA:847335,argType_isObject
FN:271,argType_isCallable
FNDA:99397,argType_isCallable
FN:279,argType_isConstructor
FNDA:18175,argType_isConstructor
FN:284,argType_isNative
FNDA:18175,argType_isNative
DA:105,1081
DA:106,1081
DA:107,1081
DA:109,80
DA:110,80
DA:111,80
DA:114,1833596
DA:115,1833596
DA:116,1833596
DA:130,86
DA:131,86
DA:146,1190
DA:147,1190
DA:150,1112
DA:151,1112
DA:154,152
DA:155,152
DA:209,49736
DA:210,49736
DA:211,49736
DA:212,49736
DA:220,8305
DA:221,8305
DA:222,8305
DA:225,160
DA:226,160
DA:227,160
DA:228,160
DA:241,10
DA:242,10
DA:243,10
DA:244,10
DA:246,8502
DA:247,8502
DA:248,8502
DA:251,2
DA:252,2
DA:254,2
DA:256,8494
DA:257,8494
DA:258,8494
DA:261,49736
DA:262,49736
DA:263,49736
DA:264,49736
DA:267,847335
DA:268,847335
DA:271,99397
DA:272,99231
DA:273,98909
DA:274,97863
DA:275,198628
DA:279,18175
DA:280,18175
DA:284,18175
DA:285,18175
end_of_record
SF:/root/pikascript/port/linux/package/pikascript/pikascript-core/dataArgs.h
FN:163,pikaDict_setArg
FNDA:1832,pikaDict_setArg
FN:167,pikaDict_removeArg
FNDA:58,pikaDict_removeArg
FN:194,pikaDict_getArg
FNDA:110,pikaDict_getArg
DA:163,1832
DA:164,1832
DA:167,58
DA:168,58
DA:194,110
DA:195,110
end_of_record
SF:/root/pikascript/port/linux/package/pikascript/pikascript-core/PikaObj.h
FN:145,obj_getFlag
FNDA:786806,obj_getFlag
FN:150,obj_setFlag
FNDA:693,obj_setFlag
FN:160,obj_clearFlag
FNDA:172,obj_clearFlag
FN:420,arg_setObjFlag
FNDA:2269,arg_setObjFlag
FN:434,arg_newObj
FNDA:409,arg_newObj
FN:507,obj_refcntInc
FNDA:363,obj_refcntInc
DA:145,786806
DA:146,786806
DA:147,786806
DA:150,693
DA:151,693
DA:152,693
DA:154,693
DA:155,508
DA:158,693
DA:160,172
DA:161,172
DA:163,172
DA:164,0
DA:167,172
DA:420,2269
DA:421,2269
DA:422,1761
DA:424,508
DA:434,409
DA:435,409
DA:507,363
DA:508,363
DA:509,363
end_of_record
SF:/root/pikascript/port/linux/package/pikascript/pikascript-core/PikaVM.h
FN:189,instructUnit_getBlockDeepth
FNDA:1279643,instructUnit_getBlockDeepth
FN:193,instructUnit_getInvokeDeepth
FNDA:2375848,instructUnit_getInvokeDeepth
FN:197,instructUnit_getInstructIndex
FNDA:3114095,instructUnit_getInstructIndex
FN:202,instructUnit_getConstPoolIndex
FNDA:1938705,instructUnit_getConstPoolIndex
FN:206,instructUnit_getIsNewLine
FNDA:5924925,instructUnit_getIsNewLine
FN:239,constPool_getStart
FNDA:4681367,constPool_getStart
FN:247,constPool_getByOffset
FNDA:1939541,constPool_getByOffset
FN:251,VMState_getConstWithInstructUnit
FNDA:1938705,VMState_getConstWithInstructUnit
FN:273,instructArray_getStart
FNDA:5728013,instructArray_getStart
FN:277,instructArray_getSize
FNDA:2170442,instructArray_getSize
FN:281,VMState_getInstructArraySize
FNDA:2170442,VMState_getInstructArraySize
FN:285,instructArray_getByOffset
FNDA:5687251,instructArray_getByOffset
FN:291,VMState_getInstructUnitWithOffset
FNDA:2515028,VMState_getInstructUnitWithOffset
FN:297,VMState_getInstructNow
FNDA:3170615,VMState_getInstructNow
FN:304,instructUnit_getSize
FNDA:7909907,instructUnit_getSize
DA:189,1279643
DA:190,1279643
DA:193,2375848
DA:194,2375848
DA:197,3114095
DA:199,3114095
DA:202,1938705
DA:203,1938705
DA:206,5924925
DA:207,5924925
DA:239,4681367
DA:240,4681367
DA:247,1939541
DA:248,1939541
DA:251,1938705
DA:253,1938705
DA:273,5728013
DA:274,5728013
DA:277,2170442
DA:278,2170442
DA:281,2170442
DA:282,2170442
DA:285,5687251
DA:287,5687251
DA:288,5687251
DA:291,2515028
DA:293,5030056
DA:294,2515028
DA:297,3170615
DA:298,3170615
DA:304,7909907
DA:305,7909907
end_of_record
TN:testHtml
SF:/root/pikascript/port/linux/package/pikascript/pikascript-core/BaseObj.c
FN:40,New_BaseObj
FNDA:27,New_BaseObj
DA:40,27
DA:41,27
DA:42,27
end_of_record
TN:testHtml
SF:/root/pikascript/port/linux/package/pikascript/pikascript-core/PikaObj.h
FN:503,obj_refcntDec
FNDA:4336,obj_refcntDec
FN:507,obj_refcntInc
FNDA:8866,obj_refcntInc
DA:503,4336
DA:504,4336
DA:505,4336
DA:507,8866
DA:508,8866
DA:509,8866
end_of_record
SF:/root/pikascript/port/linux/package/pikascript/pikascript-core/dataArg.h
FN:105,arg_setType
FNDA:2093232,arg_setType
FN:109,arg_getNameHash
FNDA:2093010,arg_getNameHash
FN:114,arg_getType
FNDA:24254538,arg_getType
FN:146,arg_newStr
FNDA:3439,arg_newStr
FN:195,arg_getNext
FNDA:836,arg_getNext
FN:199,arg_setNext
FNDA:14206913,arg_setNext
FN:204,arg_getSize
FNDA:8020456,arg_getSize
FN:209,arg_isSerialized
FNDA:42408577,arg_isSerialized
FN:215,arg_setSerialized
FNDA:16148078,arg_setSerialized
FN:220,arg_getIsKeyword
FNDA:2065988,arg_getIsKeyword
FN:225,arg_setIsKeyword
FNDA:2065988,arg_setIsKeyword
FN:230,arg_getIsWeakRef
FNDA:18983332,arg_getIsWeakRef
FN:235,arg_setIsWeakRef
FNDA:2065988,arg_setIsWeakRef
FN:261,arg_getContent
FNDA:26993574,arg_getContent
FN:267,argType_isObject
FNDA:304,argType_isObject
FN:271,argType_isCallable
FNDA:319,argType_isCallable
FN:279,argType_isConstructor
FNDA:1,argType_isConstructor
DA:105,2093232
DA:106,2093232
DA:107,2093232
DA:109,2093010
DA:110,2093010
DA:111,2093010
DA:114,24254538
DA:115,24254538
DA:116,24254538
DA:146,3439
DA:147,3439
DA:195,836
DA:196,836
DA:199,14206913
DA:200,14206913
DA:201,14206913
DA:202,14206913
DA:204,8020456
DA:205,8020456
DA:206,8020456
DA:209,42408577
DA:210,42408577
DA:211,42408577
DA:212,42408577
DA:215,16148078
DA:216,16148078
DA:217,16148078
DA:218,16148078
DA:220,2065988
DA:221,2065988
DA:222,2065988
DA:225,2065988
DA:226,2065988
DA:227,2065988
DA:228,2065988
DA:230,18983332
DA:231,18983332
DA:232,18983332
DA:235,2065988
DA:236,2065988
DA:237,2065988
DA:238,2065988
DA:239,2065988
DA:261,26993574
DA:262,26993574
DA:263,26993574
DA:264,26993574
DA:267,304
DA:268,304
DA:271,319
DA:272,319
DA:273,318
DA:274,318
DA:275,638
DA:279,1
DA:280,1
end_of_record
SF:/root/pikascript/port/linux/package/pikascript/pikascript-core/dataArg.c
FN:35,_arg_cache_push
FNDA:14206913,_arg_cache_push
FN:56,_arg_cache_pop
FNDA:14206913,_arg_cache_pop
FN:75,arg_getTotleSize
FNDA:1405682,arg_getTotleSize
FN:83,hash_time33EndWith
FNDA:5853,hash_time33EndWith
FN:95,hash_time33
FNDA:18181781,hash_time33
FN:107,_arg_set_hash
FNDA:14942516,_arg_set_hash
FN:151,arg_create_hash
FNDA:9159836,arg_create_hash
FN:159,arg_create
FNDA:9157906,arg_create
FN:168,arg_set
FNDA:5782680,arg_set
FN:177,arg_init_stack
FNDA:3217363,arg_init_stack
FN:182,arg_totleSize
FNDA:4754882,arg_totleSize
FN:186,arg_freeContent
FNDA:14206913,arg_freeContent
FN:195,arg_setContent
FNDA:2110658,arg_setContent
FN:216,arg_setNameHash
FNDA:2452873,arg_setNameHash
FN:225,arg_setName
FNDA:354846,arg_setName
FN:230,arg_setBytes
FNDA:776,arg_setBytes
FN:253,arg_newContent
FNDA:9090896,arg_newContent
FN:258,arg_getBytes
FNDA:42004,arg_getBytes
FN:262,arg_toStrArg
FNDA:3439,arg_toStrArg
FN:351,arg_print
FNDA:1500,arg_print
FN:366,arg_getBytesSize
FNDA:54274,arg_getBytesSize
FN:376,arg_setStruct
FNDA:1837,arg_setStruct
FN:387,arg_setHeapStruct
FNDA:282,arg_setHeapStruct
FN:404,arg_getHeapStructDeinitFun
FNDA:282,arg_getHeapStructDeinitFun
FN:410,arg_setInt
FNDA:459108,arg_setInt
FN:414,arg_setBool
FNDA:371624,arg_setBool
FN:418,arg_setNull
FNDA:1900,arg_setNull
FN:422,arg_setFloat
FNDA:421,arg_setFloat
FN:426,arg_getFloat
FNDA:448,arg_getFloat
FN:434,arg_setPtr
FNDA:146593,arg_setPtr
FN:438,arg_setStr
FNDA:4801200,arg_setStr
FN:446,arg_getInt
FNDA:1088435,arg_getInt
FN:454,arg_getBool
FNDA:265007,arg_getBool
FN:462,arg_getPtr
FNDA:478898,arg_getPtr
FN:471,arg_getStr
FNDA:4105212,arg_getStr
FN:475,arg_getContentSize
FNDA:2092184,arg_getContentSize
FN:479,New_arg
FNDA:9697780,New_arg
FN:483,arg_refcntInc
FNDA:3369187,arg_refcntInc
FN:494,arg_refcntDec
FNDA:1405678,arg_refcntDec
FN:505,arg_copy_content
FNDA:2065988,arg_copy_content
FN:516,arg_copy
FNDA:22447,arg_copy
FN:527,arg_copy_noalloc
FNDA:1942314,arg_copy_noalloc
FN:544,arg_append
FNDA:26186,arg_append
FN:577,arg_getHeapStruct
FNDA:563,arg_getHeapStruct
FN:581,arg_deinitHeap
FNDA:16904134,arg_deinitHeap
FN:609,arg_loadFile
FNDA:294,arg_loadFile
FN:638,arg_deinit
FNDA:15415003,arg_deinit
FN:649,arg_isEqual
FNDA:13,arg_isEqual
DA:35,14206913
DA:39,14206913
DA:40,0
DA:43,14206913
DA:44,14094861
DA:45,1349379
DA:47,12857534
DA:48,1999821
DA:50,10857713
DA:51,10857713
DA:52,10857713
DA:56,14206913
DA:60,14206913
DA:62,14206913
DA:63,3247409
DA:65,10959504
DA:66,115876
DA:68,10843628
DA:69,10843628
DA:70,10843628
DA:71,10843628
DA:75,1405682
DA:76,1405682
DA:83,5853
DA:84,5853
DA:85,5853
DA:86,0
DA:88,5853
DA:89,29237
DA:90,23384
DA:92,5853
DA:95,18181781
DA:96,18181781
DA:97,18181781
DA:98,14817179
DA:100,3364602
DA:101,19297672
DA:102,15933070
DA:104,3364602
DA:107,14942516
DA:114,14942516
DA:115,14206913
DA:116,14206913
DA:122,14206913
DA:123,14206913
DA:125,14206913
DA:126,3363285
DA:129,3363285
DA:130,3363285
DA:133,14206913
DA:134,14206913
DA:135,14206913
DA:137,14206913
DA:139,14942516
DA:140,14942516
DA:141,14942516
DA:142,5804238
DA:144,18273562
DA:145,9135284
DA:147,14942516
DA:148,14942516
DA:151,9159836
DA:156,9159836
DA:159,9157906
DA:164,9157906
DA:165,9157906
DA:168,5782680
DA:173,5782680
DA:174,5782680
DA:177,3217363
DA:178,3217363
DA:179,3217363
DA:180,3217363
DA:182,4754882
DA:183,4754882
DA:186,14206913
DA:187,14206913
DA:188,14206913
DA:189,10857713
DA:191,3349200
DA:192,3349200
DA:195,2110658
DA:196,2110658
DA:198,67010
DA:202,2043648
DA:203,2042812
DA:204,2042812
DA:208,836
DA:209,836
DA:210,836
DA:211,836
DA:212,836
DA:213,836
DA:216,2452873
DA:217,2452873
DA:218,1094
DA:220,2451779
DA:221,2451779
DA:222,2451779
DA:225,354846
DA:226,354846
DA:227,354846
DA:230,776
DA:231,776
DA:232,776
DA:233,0
DA:235,776
DA:236,776
DA:237,776
DA:238,776
DA:240,776
DA:242,776
DA:245,776
DA:246,551
DA:249,776
DA:250,776
DA:253,9090896
DA:254,9090896
DA:255,9090896
DA:258,42004
DA:259,42004
DA:262,3439
DA:263,3439
DA:264,3439
DA:265,3439
DA:266,36
DA:267,36
DA:268,36
DA:269,36
DA:270,13714
DA:271,13678
DA:272,13678
DA:273,13678
DA:275,36
DA:276,36
DA:278,3403
DA:280,645
DA:281,645
DA:286,645
DA:288,2758
DA:289,15
DA:290,10
DA:292,5
DA:294,2743
DA:295,74
DA:297,74
DA:299,2669
DA:300,2350
DA:302,319
DA:303,0
DA:305,0
DA:307,319
DA:309,6
DA:310,5
DA:311,9
DA:312,8
DA:313,7
DA:314,5
DA:315,4
DA:316,3
DA:317,2
DA:318,1
DA:319,4
DA:321,4
DA:323,1
DA:326,1
DA:328,1
DA:329,0
DA:331,0
DA:333,1
DA:335,1
DA:337,313
DA:338,9
DA:340,304
DA:341,304
DA:343,0
DA:344,0
DA:346,0
DA:348,0
DA:351,1500
DA:353,1500
DA:354,1500
DA:355,0
DA:357,1500
DA:358,64
DA:360,1436
DA:362,1500
DA:363,1500
DA:366,54274
DA:367,54274
DA:368,54274
DA:369,54274
DA:370,0
DA:372,54274
DA:373,54274
DA:376,1837
DA:380,1837
DA:381,0
DA:383,1837
DA:387,282
DA:392,282
DA:393,0
DA:396,282
DA:397,282
DA:398,282
DA:399,282
DA:400,282
DA:401,282
DA:404,282
DA:405,282
DA:406,282
DA:407,282
DA:410,459108
DA:411,459108
DA:414,371624
DA:415,371624
DA:418,1900
DA:419,1900
DA:422,421
DA:423,421
DA:426,448
DA:427,448
DA:428,0
DA:431,448
DA:434,146593
DA:435,146593
DA:438,4801200
DA:439,4801200
DA:440,3
DA:442,4801197
DA:443,4801197
DA:446,1088435
DA:447,1088435
DA:448,1088435
DA:449,0
DA:451,1088435
DA:454,265007
DA:455,265007
DA:456,265007
DA:457,0
DA:459,265007
DA:462,478898
DA:463,478898
DA:464,1
DA:466,478897
DA:467,0
DA:469,478897
DA:471,4105212
DA:472,4105212
DA:475,2092184
DA:476,2092184
DA:479,9697780
DA:480,9697780
DA:483,3369187
DA:484,3369187
DA:485,3369187
DA:486,3360315
DA:488,8872
DA:489,6
DA:491,8866
DA:494,1405678
DA:495,1405678
DA:496,1405678
DA:497,1401340
DA:499,4338
DA:500,2
DA:502,4336
DA:505,2065988
DA:506,2065988
DA:508,2065988
DA:509,2065988
DA:510,2065988
DA:511,2065988
DA:512,2065988
DA:513,2065988
DA:516,22447
DA:517,22447
DA:518,107
DA:520,22340
DA:521,22340
DA:522,22340
DA:523,22340
DA:524,22340
DA:527,1942314
DA:528,1942314
DA:529,0
DA:531,1942314
DA:532,2
DA:535,1942312
DA:536,1147
DA:538,1941165
DA:539,1941165
DA:540,1941165
DA:541,1941165
DA:544,26186
DA:545,26186
DA:546,26186
DA:547,26186
DA:550,26186
DA:551,5010
DA:552,5010
DA:554,5010
DA:555,5010
DA:558,26186
DA:559,21176
DA:561,26186
DA:562,26186
DA:563,26186
DA:564,26186
DA:566,21176
DA:569,26186
DA:571,26186
DA:572,21176
DA:574,26186
DA:577,563
DA:578,563
DA:581,16904134
DA:582,16904134
DA:583,21
DA:585,16904113
DA:587,16904113
DA:589,282
DA:590,282
DA:591,282
DA:592,282
DA:595,16903831
DA:596,34950
DA:597,34950
DA:598,34950
DA:609,294
DA:610,294
DA:611,294
DA:612,294
DA:613,294
DA:614,294
DA:615,294
DA:616,1
DA:617,1
DA:618,1
DA:621,293
DA:623,293
DA:624,0
DA:625,0
DA:628,293
DA:630,294
DA:631,294
DA:632,294
DA:633,293
DA:635,294
DA:638,15415003
DA:639,15415003
DA:641,15415003
DA:642,15415003
DA:643,1217342
DA:646,14197661
DA:649,13
DA:650,13
DA:651,0
DA:653,13
DA:654,0
DA:656,13
DA:657,0
DA:658,0
DA:661,13
DA:662,4
DA:663,3
DA:666,10
DA:667,10
DA:668,6
DA:670,4
end_of_record
TN:testHtml
SF:/root/pikascript/port/linux/package/pikascript/pikascript-core/dataLinkNode.c
FN:32,linkNode_deinit
FNDA:9461948,linkNode_deinit
DA:32,9461948
DA:33,9461948
DA:34,9461948
end_of_record
TN:testHtml
SF:/root/pikascript/port/linux/package/pikascript/pikascript-core/PikaVM.h
FN:197,instructUnit_getInstructIndex
FNDA:5799,instructUnit_getInstructIndex
FN:239,constPool_getStart
FNDA:188,constPool_getStart
FN:247,constPool_getByOffset
FNDA:188,constPool_getByOffset
FN:304,instructUnit_getSize
FNDA:7944,instructUnit_getSize
DA:197,5799
DA:199,5799
DA:239,188
DA:240,188
DA:247,188
DA:248,188
DA:304,7944
DA:305,7944
end_of_record
SF:/root/pikascript/port/linux/package/pikascript/pikascript-core/dataArg.h
FN:114,arg_getType
FNDA:2597,arg_getType
FN:267,argType_isObject
FNDA:2597,argType_isObject
DA:114,2597
DA:115,2597
DA:116,2597
DA:267,2597
DA:268,2597
end_of_record
SF:/root/pikascript/port/linux/package/pikascript/pikascript-core/PikaCompiler.c
FN:43,_check_magic_code_pyo
FNDA:90,_check_magic_code_pyo
FN:57,arg_getBytecode
FNDA:45,arg_getBytecode
FN:70,arg_getBytecodeSize
FNDA:45,arg_getBytecodeSize
FN:80,__handler_constPool_output_file
FNDA:2560,__handler_constPool_output_file
FN:89,__handler_instructArray_output_none
FNDA:15888,__handler_instructArray_output_none
FN:94,__handler_instructArray_output_file
FNDA:7944,__handler_instructArray_output_file
FN:107,pikaCompile
FNDA:64,pikaCompile
FN:191,pikaCompileFileWithOutputName
FNDA:61,pikaCompileFileWithOutputName
FN:211,pikaCompileFile
FNDA:12,pikaCompileFile
FN:221,New_LibObj
FNDA:492,New_LibObj
FN:226,LibObj_deinit
FNDA:18,LibObj_deinit
FN:231,LibObj_dynamicLink
FNDA:3954,LibObj_dynamicLink
FN:252,LibObj_staticLink
FNDA:45,LibObj_staticLink
FN:267,LibObj_staticLinkFile
FNDA:45,LibObj_staticLinkFile
FN:303,__foreach_handler_listModules
FNDA:12,__foreach_handler_listModules
FN:311,LibObj_listModules
FNDA:5,LibObj_listModules
FN:315,__foreach_handler_libWriteBytecode
FNDA:38,__foreach_handler_libWriteBytecode
FN:331,__foreach_handler_libWriteIndex
FNDA:38,__foreach_handler_libWriteIndex
FN:352,__foreach_handler_libSumSize
FNDA:38,__foreach_handler_libSumSize
FN:364,__foreach_handler_getModuleNum
FNDA:38,__foreach_handler_getModuleNum
FN:372,LibObj_saveLibraryFile
FNDA:6,LibObj_saveLibraryFile
FN:426,_getModuleNum
FNDA:162,_getModuleNum
FN:453,_loadModuleDataWithIndex
FNDA:3935,_loadModuleDataWithIndex
FN:490,_loadModuleDataWithName
FNDA:2,_loadModuleDataWithName
FN:524,_getPack_libraryBytes
FNDA:2,_getPack_libraryBytes
FN:547,LibObj_loadLibrary
FNDA:159,LibObj_loadLibrary
FN:564,__foreach_handler_printModule
FNDA:0,__foreach_handler_printModule
FN:576,LibObj_printModules
FNDA:0,LibObj_printModules
FN:580,LibObj_loadLibraryFile
FNDA:5,LibObj_loadLibraryFile
FN:604,pikafs_unpack_files
FNDA:1,pikafs_unpack_files
FN:657,pikafs_pack_files
FNDA:2,pikafs_pack_files
FN:679,pika_fputs
FNDA:13925,pika_fputs
FN:684,Lib_loadLibraryFileToArray
FNDA:3,Lib_loadLibraryFileToArray
FN:732,__Maker_compileModuleWithInfo
FNDA:49,__Maker_compileModuleWithInfo
FN:750,New_PikaMaker
FNDA:9,New_PikaMaker
FN:764,pikaMaker_deinit
FNDA:9,pikaMaker_deinit
FN:776,pikaMaker_setPWD
FNDA:6,pikaMaker_setPWD
FN:787,pikaMaker_setState
FNDA:224,pikaMaker_setState
FN:800,pikaMaker_compileModule
FNDA:49,pikaMaker_compileModule
FN:811,pikaMaker_getDependencies
FNDA:50,pikaMaker_getDependencies
FN:919,__foreach_handler_printStates
FNDA:134,__foreach_handler_printStates
FN:928,pikaMaker_printStates
FNDA:3,pikaMaker_printStates
FN:932,__foreach_handler_getFirstNocompiled
FNDA:2233,__foreach_handler_getFirstNocompiled
FN:949,pikaMaker_getFirstNocompiled
FNDA:49,pikaMaker_getFirstNocompiled
FN:969,pikaMaker_compileModuleWithDepends
FNDA:3,pikaMaker_compileModuleWithDepends
FN:994,__foreach_handler_linkCompiledModules
FNDA:66,__foreach_handler_linkCompiledModules
FN:1015,_do_pikaMaker_linkCompiledModulesFullPath
FNDA:4,_do_pikaMaker_linkCompiledModulesFullPath
FN:1043,pikaMaker_linkCompiledModulesFullPath
FNDA:2,pikaMaker_linkCompiledModulesFullPath
FN:1048,_do_pikaMaker_linkCompiledModules
FNDA:2,_do_pikaMaker_linkCompiledModules
FN:1059,pikaMaker_linkCompiledModules
FNDA:0,pikaMaker_linkCompiledModules
FN:1069,pikaMaker_linkRaw
FNDA:6,pikaMaker_linkRaw
FN:1081,pikafs_fopen
FNDA:1,pikafs_fopen
FN:1096,pikafs_fopen_pack
FNDA:1,pikafs_fopen_pack
FN:1125,pikafs_fread
FNDA:1,pikafs_fread
FN:1145,pikafs_fwrite
FNDA:0,pikafs_fwrite
FN:1154,pikafs_fclose
FNDA:1,pikafs_fclose
DA:43,90
DA:44,90
DA:45,90
DA:46,78
DA:47,78
DA:49,12
DA:57,45
DA:58,45
DA:59,45
DA:60,39
DA:62,6
DA:70,45
DA:71,45
DA:72,45
DA:73,45
DA:74,39
DA:76,6
DA:80,2560
DA:82,2560
DA:83,2560
DA:85,2560
DA:86,2560
DA:89,15888
DA:92,15888
DA:94,7944
DA:97,7944
DA:98,7944
DA:107,64
DA:108,64
DA:109,64
DA:110,64
DA:111,64
DA:112,64
DA:113,64
DA:114,64
DA:115,64
DA:116,0
DA:118,0
DA:119,0
DA:124,64
DA:125,64
DA:126,64
DA:127,64
DA:129,64
DA:130,64
DA:131,0
DA:132,0
DA:134,64
DA:135,64
DA:136,64
DA:137,64
DA:138,64
DA:142,64
DA:144,64
DA:146,64
DA:148,64
DA:149,64
DA:150,64
DA:152,64
DA:154,64
DA:155,64
DA:158,64
DA:160,64
DA:162,64
DA:163,64
DA:164,64
DA:165,64
DA:167,64
DA:170,64
DA:172,64
DA:175,64
DA:176,64
DA:177,64
DA:178,64
DA:181,64
DA:191,61
DA:193,61
DA:194,61
DA:195,61
DA:196,0
DA:198,61
DA:200,61
DA:202,61
DA:204,61
DA:205,61
DA:206,61
DA:207,61
DA:208,61
DA:211,12
DA:212,12
DA:213,12
DA:214,12
DA:216,12
DA:217,12
DA:218,12
DA:221,492
DA:222,492
DA:223,492
DA:226,18
DA:227,18
DA:228,18
DA:231,3954
DA:232,3954
DA:234,310
DA:236,3644
DA:237,3599
DA:239,3644
DA:240,3644
DA:241,3644
DA:252,45
DA:256,45
DA:257,45
DA:259,45
DA:261,45
DA:263,45
DA:264,45
DA:267,45
DA:268,45
DA:270,45
DA:271,45
DA:272,0
DA:273,0
DA:275,45
DA:277,45
DA:280,45
DA:281,39
DA:282,39
DA:283,39
DA:284,39
DA:285,39
DA:290,6
DA:294,45
DA:298,45
DA:299,45
DA:300,45
DA:303,12
DA:304,12
DA:305,12
DA:306,12
DA:308,12
DA:311,5
DA:312,5
DA:313,5
DA:315,38
DA:316,38
DA:317,38
DA:318,38
DA:319,38
DA:320,38
DA:321,38
DA:322,38
DA:323,38
DA:324,38
DA:325,38
DA:327,38
DA:331,38
DA:332,38
DA:333,38
DA:334,38
DA:335,38
DA:336,38
DA:337,38
DA:338,38
DA:340,38
DA:341,38
DA:343,38
DA:344,38
DA:345,38
DA:348,38
DA:349,38
DA:352,38
DA:353,38
DA:354,38
DA:355,38
DA:356,38
DA:357,38
DA:358,38
DA:359,38
DA:361,38
DA:364,38
DA:365,38
DA:366,38
DA:367,38
DA:369,38
DA:372,6
DA:373,6
DA:375,6
DA:376,6
DA:377,6
DA:378,6
DA:381,6
DA:382,6
DA:385,6
DA:388,6
DA:389,6
DA:390,6
DA:391,6
DA:392,6
DA:396,6
DA:398,6
DA:400,6
DA:401,6
DA:404,6
DA:406,6
DA:408,6
DA:411,6
DA:414,6
DA:416,6
DA:418,6
DA:419,6
DA:422,6
DA:423,6
DA:426,162
DA:427,162
DA:428,0
DA:431,162
DA:433,162
DA:434,162
DA:435,162
DA:438,162
DA:439,162
DA:440,1
DA:441,1
DA:444,161
DA:445,0
DA:448,0
DA:450,161
DA:453,3935
DA:459,3935
DA:460,3935
DA:461,54935
DA:462,51000
DA:463,51000
DA:465,51000
DA:466,51000
DA:467,51000
DA:468,51000
DA:469,51000
DA:471,51000
DA:472,230484
DA:473,230010
DA:474,50526
DA:475,50526
DA:478,51000
DA:480,474
DA:481,474
DA:485,51000
DA:487,3935
DA:490,2
DA:494,2
DA:495,2
DA:496,0
DA:498,28
DA:499,28
DA:500,28
DA:501,28
DA:502,28
DA:504,28
DA:505,2
DA:506,2
DA:507,2
DA:510,0
DA:524,2
DA:525,2
DA:526,0
DA:529,2
DA:530,2
DA:531,0
DA:532,0
DA:534,2
DA:536,2
DA:537,2
DA:538,0
DA:540,0
DA:542,0
DA:544,2
DA:547,159
DA:548,159
DA:549,159
DA:551,1
DA:553,4062
DA:554,3904
DA:555,3904
DA:556,3904
DA:557,3904
DA:559,3904
DA:561,158
DA:564,0
DA:565,0
DA:566,0
DA:567,0
DA:568,0
DA:569,0
DA:570,0
DA:573,0
DA:576,0
DA:577,0
DA:578,0
DA:580,5
DA:581,5
DA:582,5
DA:583,1
DA:585,1
DA:588,4
DA:589,4
DA:590,1
DA:592,1
DA:594,3
DA:604,1
DA:605,1
DA:606,1
DA:607,1
DA:608,1
DA:610,1
DA:611,1
DA:612,1
DA:614,0
DA:617,1
DA:618,1
DA:619,0
DA:622,1
DA:623,1
DA:624,1
DA:626,4
DA:627,3
DA:628,3
DA:629,3
DA:630,3
DA:632,3
DA:633,3
DA:635,3
DA:636,3
DA:637,3
DA:638,3
DA:640,0
DA:641,0
DA:645,1
DA:646,1
DA:647,1
DA:648,1
DA:657,2
DA:658,2
DA:659,2
DA:661,2
DA:662,8
DA:663,6
DA:664,6
DA:665,6
DA:666,0
DA:669,2
DA:670,2
DA:671,0
DA:673,2
DA:674,2
DA:675,2
DA:676,2
DA:679,13925
DA:680,13925
DA:681,13925
DA:684,3
DA:685,3
DA:686,3
DA:687,3
DA:688,3
DA:689,0
DA:691,0
DA:693,3
DA:694,3
DA:695,3
DA:696,3
DA:697,3
DA:699,3
DA:701,3
DA:702,3
DA:703,3
DA:704,3
DA:705,3
DA:706,3
DA:708,3
DA:709,3
DA:710,3
DA:711,3
DA:712,3
DA:713,12838
DA:714,12835
DA:715,1072
DA:717,12835
DA:718,12835
DA:721,3
DA:722,3
DA:723,3
DA:725,3
DA:726,3
DA:727,3
DA:728,3
DA:729,3
DA:732,49
DA:734,49
DA:735,49
DA:737,49
DA:738,49
DA:739,49
DA:740,49
DA:742,49
DA:743,49
DA:745,49
DA:746,49
DA:747,49
DA:750,9
DA:751,9
DA:752,9
DA:753,9
DA:754,9
DA:755,9
DA:756,9
DA:764,9
DA:765,9
DA:766,9
DA:767,9
DA:768,9
DA:776,6
DA:777,6
DA:778,6
DA:787,224
DA:788,224
DA:789,224
DA:790,224
DA:791,224
DA:792,224
DA:800,49
DA:801,49
DA:803,49
DA:804,49
DA:806,0
DA:808,49
DA:811,50
DA:812,50
DA:813,50
DA:814,50
DA:815,50
DA:816,50
DA:817,50
DA:819,50
DA:820,50
DA:821,50
DA:822,50
DA:823,50
DA:824,50
DA:825,0
DA:826,0
DA:828,50
DA:829,50
DA:830,50
DA:832,50
DA:833,50
DA:834,5799
DA:835,5849
DA:836,5849
DA:837,50
DA:839,5799
DA:841,188
DA:843,188
DA:845,188
DA:850,178
DA:851,178
DA:852,178
DA:853,178
DA:854,178
DA:855,178
DA:856,178
DA:857,4
DA:860,4
DA:861,4
DA:864,4
DA:865,4
DA:866,4
DA:867,4
DA:869,4
DA:870,4
DA:872,88
DA:873,92
DA:874,92
DA:875,88
DA:878,4
DA:881,4
DA:882,4
DA:883,174
DA:885,82
DA:886,92
DA:888,89
DA:890,3
DA:895,178
DA:896,4
DA:898,178
DA:899,93
DA:901,178
DA:902,86
DA:906,5799
DA:909,50
DA:910,50
DA:911,50
DA:912,50
DA:914,50
DA:915,50
DA:916,50
DA:919,134
DA:920,134
DA:921,124
DA:922,124
DA:925,134
DA:928,3
DA:929,3
DA:930,3
DA:932,2233
DA:933,2233
DA:934,2041
DA:935,2041
DA:936,2041
DA:938,1098
DA:940,943
DA:942,46
DA:943,46
DA:946,1089
DA:949,49
DA:950,49
DA:951,49
DA:952,49
DA:953,49
DA:955,3
DA:957,46
DA:959,49
DA:960,49
DA:969,3
DA:971,3
DA:972,3
DA:973,3
DA:974,0
DA:975,0
DA:977,3
DA:978,44
DA:979,47
DA:981,47
DA:982,3
DA:984,44
DA:985,44
DA:986,0
DA:987,0
DA:989,44
DA:991,3
DA:994,66
DA:995,66
DA:996,66
DA:997,54
DA:998,54
DA:999,54
DA:1000,54
DA:1001,54
DA:1002,54
DA:1003,26
DA:1004,26
DA:1005,26
DA:1007,26
DA:1008,26
DA:1011,66
DA:1012,66
DA:1015,4
DA:1018,4
DA:1019,4
DA:1020,0
DA:1021,0
DA:1023,4
DA:1024,4
DA:1025,4
DA:1026,4
DA:1027,4
DA:1028,4
DA:1029,4
DA:1030,4
DA:1031,4
DA:1032,4
DA:1033,4
DA:1034,4
DA:1035,4
DA:1036,4
DA:1037,2
DA:1039,4
DA:1040,4
DA:1043,2
DA:1045,2
DA:1048,2
DA:1051,2
DA:1052,2
DA:1053,2
DA:1055,2
DA:1056,2
DA:1059,0
DA:1060,0
DA:1069,6
DA:1070,6
DA:1071,6
DA:1072,6
DA:1081,1
DA:1082,1
DA:1083,1
DA:1085,1
DA:1086,1
DA:1087,0
DA:1089,1
DA:1090,1
DA:1091,0
DA:1093,1
DA:1096,1
DA:1097,1
DA:1098,1
DA:1099,1
DA:1100,1
DA:1101,1
DA:1102,1
DA:1103,1
DA:1105,0
DA:1108,1
DA:1109,1
DA:1110,0
DA:1113,1
DA:1114,1
DA:1125,1
DA:1126,1
DA:1127,0
DA:1129,1
DA:1130,0
DA:1132,1
DA:1133,1
DA:1134,1
DA:1145,0
DA:1146,0
DA:1154,1
DA:1155,1
DA:1156,1
end_of_record
TN:testHtml
SF:/root/pikascript/port/linux/package/pikascript/pikascript-core/TinyObj.c
FN:35,New_TinyObj
FNDA:120319,New_TinyObj
DA:35,120319
DA:36,120319
DA:37,120319
DA:39,120319
DA:41,120319
end_of_record
TN:testHtml
SF:/root/pikascript/port/linux/package/pikascript/pikascript-core/PikaPlatform.c
FN:38,pika_platform_disable_irq_handle
FNDA:11641877,pika_platform_disable_irq_handle
FN:42,pika_platform_enable_irq_handle
FNDA:11641877,pika_platform_enable_irq_handle
FN:46,pika_platform_malloc
FNDA:5828323,pika_platform_malloc
FN:50,pika_platform_realloc
FNDA:0,pika_platform_realloc
FN:54,pika_platform_calloc
FNDA:19,pika_platform_calloc
FN:58,pika_platform_free
FNDA:5828342,pika_platform_free
FN:62,pika_user_malloc
FNDA:5827981,pika_user_malloc
FN:66,pika_user_free
FNDA:5827981,pika_user_free
FN:70,pika_platform_error_handle
FNDA:44,pika_platform_error_handle
FN:74,pika_platform_panic_handle
FNDA:0,pika_platform_panic_handle
FN:79,pika_is_locked_pikaMemory
FNDA:11641877,pika_is_locked_pikaMemory
FN:96,pika_platform_get_tick
FNDA:32401898,pika_platform_get_tick
FN:108,pika_platform_vsprintf
FNDA:0,pika_platform_vsprintf
FN:113,pika_platform_snprintf
FNDA:14406,pika_platform_snprintf
FN:124,pika_platform_putchar
FNDA:109956,pika_platform_putchar
FN:128,pika_platform_vprintf
FNDA:0,pika_platform_vprintf
FN:140,pika_platform_printf
FNDA:0,pika_platform_printf
FN:148,pika_platform_strdup
FNDA:12,pika_platform_strdup
FN:156,pika_platform_tick_from_millisecond
FNDA:0,pika_platform_tick_from_millisecond
FN:160,pika_platform_vsnprintf
FNDA:0,pika_platform_vsnprintf
FN:167,pika_platform_sprintf
FNDA:84584,pika_platform_sprintf
FN:185,pika_platform_wait
FNDA:0,pika_platform_wait
FN:190,pika_platform_memset
FNDA:14595509,pika_platform_memset
FN:194,pika_platform_memcpy
FNDA:19994661,pika_platform_memcpy
FN:198,pika_platform_memcmp
FNDA:10,pika_platform_memcmp
FN:202,pika_platform_memmove
FNDA:3087,pika_platform_memmove
FN:206,pika_platform_getchar
FNDA:0,pika_platform_getchar
FN:218,pika_platform_fopen
FNDA:938,pika_platform_fopen
FN:229,pika_platform_fclose
FNDA:585,pika_platform_fclose
FN:241,pika_platform_fwrite
FNDA:25022,pika_platform_fwrite
FN:257,pika_platform_fread
FNDA:1046,pika_platform_fread
FN:271,pika_platform_fseek
FNDA:1,pika_platform_fseek
FN:282,pika_platform_ftell
FNDA:1,pika_platform_ftell
FN:292,pika_hook_instruct
FNDA:0,pika_hook_instruct
FN:296,pika_hook_arg_cache_filter
FNDA:14206913,pika_hook_arg_cache_filter
FN:300,pika_platform_thread_delay
FNDA:32413411,pika_platform_thread_delay
FN:310,pika_platform_sleep_ms
FNDA:0,pika_platform_sleep_ms
FN:324,pika_platform_thread_init
FNDA:7,pika_platform_thread_init
FN:370,pika_platform_thread_self
FNDA:0,pika_platform_thread_self
FN:381,pika_platform_thread_startup
FNDA:0,pika_platform_thread_startup
FN:385,pika_platform_thread_stop
FNDA:0,pika_platform_thread_stop
FN:397,pika_platform_thread_start
FNDA:0,pika_platform_thread_start
FN:409,pika_platform_thread_destroy
FNDA:7,pika_platform_thread_destroy
FN:428,pika_platform_thread_exit
FNDA:7,pika_platform_thread_exit
FN:440,pika_platform_thread_mutex_init
FNDA:5,pika_platform_thread_mutex_init
FN:452,pika_platform_thread_mutex_lock
FNDA:515442,pika_platform_thread_mutex_lock
FN:463,pika_platform_thread_mutex_trylock
FNDA:0,pika_platform_thread_mutex_trylock
FN:475,pika_platform_thread_mutex_unlock
FNDA:515443,pika_platform_thread_mutex_unlock
FN:487,pika_platform_thread_mutex_destroy
FNDA:4,pika_platform_thread_mutex_destroy
FN:500,pika_platform_thread_timer_init
FNDA:6,pika_platform_thread_timer_init
FN:510,pika_platform_thread_timer_cutdown
FNDA:2,pika_platform_thread_timer_cutdown
FN:525,pika_platform_thread_timer_is_expired
FNDA:0,pika_platform_thread_timer_is_expired
FN:540,pika_platform_thread_timer_remain
FNDA:0,pika_platform_thread_timer_remain
FN:559,pika_platform_thread_timer_now
FNDA:0,pika_platform_thread_timer_now
FN:570,pika_platform_thread_timer_usleep
FNDA:0,pika_platform_thread_timer_usleep
FN:587,pika_platform_reboot
FNDA:0,pika_platform_reboot
FN:591,pika_platform_clear
FNDA:0,pika_platform_clear
DA:38,11641877
DA:40,11641877
DA:42,11641877
DA:44,11641877
DA:46,5828323
DA:47,5828323
DA:50,0
DA:51,0
DA:54,19
DA:55,19
DA:58,5828342
DA:59,5828342
DA:60,5828342
DA:62,5827981
DA:63,5827981
DA:66,5827981
DA:67,5827981
DA:68,5827981
DA:70,44
DA:71,44
DA:74,0
DA:75,0
DA:79,11641877
DA:80,11641877
DA:96,32401898
DA:101,32401898
DA:102,32466321
DA:108,0
DA:110,0
DA:113,14406
DA:118,14406
DA:119,14406
DA:120,14406
DA:121,14406
DA:124,109956
DA:125,109956
DA:128,0
DA:131,0
DA:133,0
DA:134,0
DA:136,0
DA:140,0
DA:142,0
DA:143,0
DA:144,0
DA:145,0
DA:148,12
DA:149,12
DA:150,12
DA:151,12
DA:153,12
DA:156,0
DA:157,0
DA:160,0
DA:164,0
DA:167,84584
DA:169,84584
DA:170,84584
DA:171,84584
DA:172,84584
DA:173,0
DA:176,0
DA:177,0
DA:179,0
DA:182,84584
DA:185,0
DA:186,0
DA:190,14595509
DA:191,14595509
DA:194,19994661
DA:195,19994661
DA:198,10
DA:199,10
DA:202,3087
DA:203,3087
DA:206,0
DA:208,0
DA:218,938
DA:220,938
DA:229,585
DA:231,585
DA:241,25022
DA:245,25022
DA:247,25022
DA:257,1046
DA:262,1046
DA:271,1
DA:273,1
DA:282,1
DA:284,1
DA:292,0
DA:293,0
DA:296,14206913
DA:297,14206913
DA:300,32413411
DA:302,32413411
DA:310,0
DA:312,0
DA:321,0
DA:324,7
DA:336,7
DA:337,7
DA:339,7
DA:340,7
DA:341,0
DA:344,7
DA:345,7
DA:347,7
DA:370,0
DA:372,0
DA:381,0
DA:383,0
DA:385,0
DA:387,0
DA:388,0
DA:389,0
DA:395,0
DA:397,0
DA:399,0
DA:400,0
DA:401,0
DA:407,0
DA:409,7
DA:411,7
DA:412,7
DA:413,7
DA:414,7
DA:415,7
DA:428,7
DA:430,7
DA:440,5
DA:442,5
DA:452,515442
DA:454,515442
DA:463,0
DA:466,0
DA:475,515443
DA:478,515443
DA:487,4
DA:490,4
DA:500,6
DA:502,6
DA:508,6
DA:510,2
DA:514,2
DA:515,2
DA:516,2
DA:523,2
DA:525,0
DA:529,0
DA:530,0
DA:531,0
DA:540,0
DA:543,0
DA:544,0
DA:545,0
DA:559,0
DA:561,0
DA:570,0
DA:572,0
DA:585,0
DA:587,0
DA:588,0
DA:589,0
DA:591,0
DA:592,0
DA:593,0
end_of_record
TN:testHtml
SF:/root/pikascript/port/linux/package/pikascript/pikascript-core/dataQueueObj.c
FN:31,New_queueObj
FNDA:14672,New_queueObj
FN:37,queueObj_init
FNDA:17532,queueObj_init
FN:43,queueObj_pushObj
FNDA:17314,queueObj_pushObj
FN:52,queueObj_getCurrentObj
FNDA:17312,queueObj_getCurrentObj
FN:59,queueObj_popObj
FNDA:45342,queueObj_popObj
FN:69,queueObj_pushInt
FNDA:3,queueObj_pushInt
FN:78,queueObj_popInt
FNDA:3,queueObj_popInt
FN:89,queueObj_pushFloat
FNDA:3,queueObj_pushFloat
FN:98,queueObj_popFloat
FNDA:3,queueObj_popFloat
FN:109,queueObj_pushStr
FNDA:3476,queueObj_pushStr
FN:118,queueObj_popStr
FNDA:5351,queueObj_popStr
DA:31,14672
DA:32,14672
DA:33,14672
DA:34,14672
DA:37,17532
DA:38,17532
DA:39,17532
DA:40,17532
DA:43,17314
DA:44,17314
DA:46,17314
DA:48,17314
DA:49,17314
DA:52,17312
DA:53,17312
DA:55,17312
DA:56,17312
DA:59,45342
DA:60,45342
DA:62,45342
DA:64,45342
DA:65,45342
DA:66,45342
DA:69,3
DA:70,3
DA:72,3
DA:74,3
DA:75,3
DA:78,3
DA:79,3
DA:81,3
DA:83,3
DA:84,3
DA:85,3
DA:86,3
DA:89,3
DA:90,3
DA:92,3
DA:94,3
DA:95,3
DA:98,3
DA:99,3
DA:101,3
DA:103,3
DA:104,3
DA:105,3
DA:106,3
DA:109,3476
DA:110,3476
DA:112,3476
DA:114,3476
DA:115,3476
DA:118,5351
DA:119,5351
DA:121,5351
DA:123,5351
DA:124,5351
end_of_record
TN:testHtml
SF:/root/pikascript/port/linux/package/pikascript/pikascript-core/PikaObj.c
FN:85,fast_atoi
FNDA:468426,fast_atoi
FN:120,fast_itoa
FNDA:115044,fast_itoa
FN:134,obj_deinit_no_del
FNDA:218426,obj_deinit_no_del
FN:154,obj_GC
FNDA:35907,obj_GC
FN:166,obj_deinit
FNDA:63947,obj_deinit
FN:204,obj_setInt
FNDA:200241,obj_setInt
FN:215,obj_setPtr
FNDA:48327,obj_setPtr
FN:226,obj_setRef
FNDA:26,obj_setRef
FN:237,obj_setFloat
FNDA:129,obj_setFloat
FN:248,obj_setStr
FNDA:47997,obj_setStr
FN:257,obj_setNone
FNDA:10,obj_setNone
FN:267,obj_setBytes
FNDA:178,obj_setBytes
FN:277,obj_getInt
FNDA:165347,obj_getInt
FN:287,obj_getBool
FNDA:5,obj_getBool
FN:297,obj_getArg
FNDA:116236,obj_getArg
FN:315,obj_getBytes
FNDA:212,obj_getBytes
FN:324,obj_getBytesSize
FNDA:152,obj_getBytesSize
FN:333,obj_loadBytes
FNDA:1,obj_loadBytes
FN:346,obj_setName
FNDA:27506,obj_setName
FN:365,_obj_setArg
FNDA:104538,_obj_setArg
FN:407,obj_setArg
FNDA:2213,obj_setArg
FN:411,obj_setArg_noCopy
FNDA:102325,obj_setArg_noCopy
FN:415,obj_getPtr
FNDA:467064,obj_getPtr
FN:425,obj_getFloat
FNDA:139,obj_getFloat
FN:435,obj_getStr
FNDA:469700,obj_getStr
FN:445,obj_newObjFromConstructor
FNDA:185169,obj_newObjFromConstructor
FN:454,_pika_new_obj_with_args
FNDA:0,_pika_new_obj_with_args
FN:470,_pika_tuple_new
FNDA:0,_pika_tuple_new
FN:481,_pika_list_new
FNDA:0,_pika_list_new
FN:492,_obj_getProp
FNDA:269475,_obj_getProp
FN:553,_obj_getMethodArg
FNDA:111903,_obj_getMethodArg
FN:566,obj_getMethodArg
FNDA:89218,obj_getMethodArg
FN:570,obj_getMethodArg_noalloc
FNDA:22685,obj_getMethodArg_noalloc
FN:574,obj_getClass
FNDA:154585,obj_getClass
FN:578,obj_getClassObj
FNDA:154479,obj_getClassObj
FN:587,getNewClassObjFunByName
FNDA:24547,getNewClassObjFunByName
FN:594,removeMethodInfo
FNDA:30690,removeMethodInfo
FN:602,newNormalObj
FNDA:6143,newNormalObj
FN:617,set_disp_mode
FNDA:0,set_disp_mode
FN:640,newRootObj
FNDA:515,newRootObj
FN:667,arg_newMetaObj
FNDA:99810,arg_newMetaObj
FN:674,arg_newDirectObj
FNDA:872,arg_newDirectObj
FN:680,obj_newObjInPackage
FNDA:464,obj_newObjInPackage
FN:684,_obj_initMetaObj
FNDA:24547,_obj_initMetaObj
FN:708,_arg_to_obj
FNDA:848,_arg_to_obj
FN:738,_obj_getObjDirect
FNDA:93277,_obj_getObjDirect
FN:782,_obj_getObjWithKeepDeepth
FNDA:2382789,_obj_getObjWithKeepDeepth
FN:806,obj_getObj
FNDA:87393,obj_getObj
FN:811,obj_getHostObj
FNDA:1601515,obj_getHostObj
FN:816,obj_getHostObjWithIsTemp
FNDA:693881,obj_getHostObjWithIsTemp
FN:822,methodArg_getPtr
FNDA:18267,methodArg_getPtr
FN:827,methodArg_getTypeList
FNDA:17993,methodArg_getTypeList
FN:845,methodArg_getHostObj
FNDA:392,methodArg_getHostObj
FN:850,methodArg_setHostObj
FNDA:562391,methodArg_setHostObj
FN:863,methodArg_getName
FNDA:57,methodArg_getName
FN:874,obj_getNativeMethod
FNDA:24762,obj_getNativeMethod
FN:884,methodArg_getBytecodeFrame
FNDA:1608,methodArg_getBytecodeFrame
FN:889,methodArg_getDec
FNDA:1651,methodArg_getDec
FN:894,methodArg_getDefContext
FNDA:1608,methodArg_getDefContext
FN:899,_update_proxy
FNDA:1316,_update_proxy
FN:926,obj_saveMethodInfo
FNDA:1316,obj_saveMethodInfo
FN:950,__class_defineMethodWithType
FNDA:1316,__class_defineMethodWithType
FN:983,class_defineConstructor
FNDA:0,class_defineConstructor
FN:993,class_defineMethod
FNDA:27,class_defineMethod
FN:1002,class_defineRunTimeConstructor
FNDA:142,class_defineRunTimeConstructor
FN:1013,class_defineObjectMethod
FNDA:629,class_defineObjectMethod
FN:1024,class_defineStaticMethod
FNDA:518,class_defineStaticMethod
FN:1034,obj_removeArg
FNDA:2504,obj_removeArg
FN:1056,obj_isArgExist
FNDA:94946,obj_isArgExist
FN:1081,obj_run
FNDA:754,obj_run
FN:1085,obj_runNativeMethod
FNDA:24762,obj_runNativeMethod
FN:1094,__clearBuff
FNDA:178,__clearBuff
FN:1106,_obj_runChar_beforeRun
FNDA:18,_obj_runChar_beforeRun
FN:1116,_putc_cmd
FNDA:2,_putc_cmd
FN:1131,_filter_msg_hi_pika_handler
FNDA:2,_filter_msg_hi_pika_handler
FN:1138,_filter_msg_bye_pika_handler
FNDA:1,_filter_msg_bye_pika_handler
FN:1153,_do_message_filter
FNDA:3322,_do_message_filter
FN:1242,_do_stream_filter
FNDA:3322,_do_stream_filter
FN:1288,_inner_do_obj_runChar
FNDA:3275,_inner_do_obj_runChar
FN:1446,_do_obj_runChar
FNDA:3306,_do_obj_runChar
FN:1487,obj_runChar
FNDA:406,obj_runChar
FN:1503,_save_file
FNDA:0,_save_file
FN:1519,_await_getchar
FNDA:2902,_await_getchar
FN:1526,_do_pikaScriptShell
FNDA:5,_do_pikaScriptShell
FN:1652,_temp__do_pikaScriptShell
FNDA:0,_temp__do_pikaScriptShell
FN:1665,__obj_shellLineHandler_REPL
FNDA:84,__obj_shellLineHandler_REPL
FN:1684,pikaScriptShell_withGetchar
FNDA:5,pikaScriptShell_withGetchar
FN:1689,pikaScriptShell
FNDA:0,pikaScriptShell
FN:1693,obj_setErrorCode
FNDA:18183,obj_setErrorCode
FN:1697,obj_getErrorCode
FNDA:17702,obj_getErrorCode
FN:1704,args_getErrorCode
FNDA:1,args_getErrorCode
FN:1711,obj_setSysOut
FNDA:0,obj_setSysOut
FN:1715,obj_getSysOut
FNDA:17702,obj_getSysOut
FN:1719,args_setSysOut
FNDA:0,args_setSysOut
FN:1730,method_returnBytes
FNDA:0,method_returnBytes
FN:1734,method_returnStr
FNDA:747,method_returnStr
FN:1738,method_returnInt
FNDA:1683,method_returnInt
FN:1742,method_returnBool
FNDA:8,method_returnBool
FN:1749,method_returnFloat
FNDA:114,method_returnFloat
FN:1753,method_returnPtr
FNDA:0,method_returnPtr
FN:1757,method_returnObj
FNDA:297,method_returnObj
FN:1772,method_returnArg
FNDA:7000,method_returnArg
FN:1776,method_getInt
FNDA:0,method_getInt
FN:1780,method_getFloat
FNDA:0,method_getFloat
FN:1784,method_getStr
FNDA:0,method_getStr
FN:1789,pikaGC_getLast
FNDA:218426,pikaGC_getLast
FN:1802,pikaGC_clean
FNDA:4625,pikaGC_clean
FN:1811,pikaGC_count
FNDA:2,pikaGC_count
FN:1821,pikaGC_countMarked
FNDA:1,pikaGC_countMarked
FN:1833,pikaGC_printFreeList
FNDA:0,pikaGC_printFreeList
FN:1849,obj_dump
FNDA:87,obj_dump
FN:1857,pikaGC_markSweepOnce
FNDA:4621,pikaGC_markSweepOnce
FN:1886,_pikaGC_markHandler
FNDA:527970,_pikaGC_markHandler
FN:1898,pikaGC_markObj
FNDA:360354,pikaGC_markObj
FN:1934,_pikaGC_mark
FNDA:4625,_pikaGC_mark
FN:1945,pikaGC_mark
FNDA:0,pikaGC_mark
FN:1950,_pikaGC_markDumpHandler
FNDA:63,_pikaGC_markDumpHandler
FN:1963,obj_checkAlive
FNDA:2626100,obj_checkAlive
FN:1990,pikaGC_markSweep
FNDA:7323,pikaGC_markSweep
FN:2013,pikaGC_markDump
FNDA:4,pikaGC_markDump
FN:2027,pikaGC_checkThreshold
FNDA:218426,pikaGC_checkThreshold
FN:2038,pikaGC_append
FNDA:218426,pikaGC_append
FN:2057,obj_removeGcChain
FNDA:218426,obj_removeGcChain
FN:2072,obj_enableGC
FNDA:1671,obj_enableGC
FN:2080,pikaGC_lock
FNDA:68565,pikaGC_lock
FN:2088,pikaGC_unlock
FNDA:68565,pikaGC_unlock
FN:2096,pikaGC_islock
FNDA:7323,pikaGC_islock
FN:2104,New_PikaObj
FNDA:218426,New_PikaObj
FN:2130,arg_setObj
FNDA:1319,arg_setObj
FN:2134,arg_setRef
FNDA:853,arg_setRef
FN:2140,obj_newDirectObj
FNDA:124,obj_newDirectObj
FN:2150,obj_newMetaObj
FNDA:99690,obj_newMetaObj
FN:2158,_append_help
FNDA:12464,_append_help
FN:2168,obj_newObj
FNDA:99309,obj_newObj
FN:2179,obj_importModuleWithByteCode
FNDA:119,obj_importModuleWithByteCode
FN:2202,obj_importModuleWithByteCodeFrame
FNDA:3,obj_importModuleWithByteCodeFrame
FN:2211,obj_linkLibraryFile
FNDA:2,obj_linkLibraryFile
FN:2217,obj_linkLibrary
FNDA:155,obj_linkLibrary
FN:2225,obj_printModules
FNDA:0,obj_printModules
FN:2231,obj_linkLibObj
FNDA:2,obj_linkLibObj
FN:2236,obj_getByteCodeFromModule
FNDA:123,obj_getByteCodeFromModule
FN:2251,obj_runModule
FNDA:2,obj_runModule
FN:2260,obj_importModule
FNDA:121,obj_importModule
FN:2271,obj_toStr
FNDA:304,obj_toStr
FN:2303,pks_eventListener_registEvent
FNDA:2,pks_eventListener_registEvent
FN:2316,pks_eventListener_removeEvent
FNDA:1,pks_eventListener_removeEvent
FN:2323,pks_eventListener_getEventHandleObj
FNDA:531,pks_eventListener_getEventHandleObj
FN:2334,pks_eventListener_init
FNDA:2,pks_eventListener_init
FN:2338,pks_eventListener_deinit
FNDA:3,pks_eventListener_deinit
FN:2345,__eventListener_runEvent
FNDA:531,__eventListener_runEvent
FN:2376,__eventListener_runEvent_dataInt
FNDA:0,__eventListener_runEvent_dataInt
FN:2382,_thread_event
FNDA:0,_thread_event
FN:2391,_do_pks_eventListener_send
FNDA:548,_do_pks_eventListener_send
FN:2427,pks_eventListener_send
FNDA:516,pks_eventListener_send
FN:2433,pks_eventListener_sendSignal
FNDA:516,pks_eventListener_sendSignal
FN:2439,pks_eventListener_sendSignalAwaitResult
FNDA:2,pks_eventListener_sendSignalAwaitResult
FN:2464,pks_printVersion
FNDA:2,pks_printVersion
FN:2470,pks_getVersion
FNDA:0,pks_getVersion
FN:2475,obj_getStruct
FNDA:222487,obj_getStruct
FN:2480,obj_cacheStr
FNDA:2010,obj_cacheStr
FN:2484,_obj_updateProxyFlag
FNDA:38332,_obj_updateProxyFlag
DA:85,468426
DA:86,468426
DA:87,468426
DA:88,468426
DA:89,468426
DA:90,468426
DA:91,468426
DA:92,670626
DA:93,202200
DA:94,202200
DA:95,202200
DA:97,468426
DA:98,158389
DA:100,310037
DA:102,0
DA:120,115044
DA:121,115044
DA:122,115044
DA:123,254060
DA:124,139016
DA:125,139016
DA:126,139016
DA:127,139016
DA:129,115044
DA:130,115044
DA:131,115044
DA:134,218426
DA:136,218426
DA:137,218426
DA:139,218426
DA:140,26192
DA:145,218426
DA:147,218426
DA:148,218426
DA:149,515
DA:151,218426
DA:154,35907
DA:155,35907
DA:156,20
DA:158,35887
DA:159,35887
DA:160,35887
DA:161,30157
DA:163,35887
DA:166,63947
DA:167,63947
DA:168,63947
DA:170,63947
DA:172,63947
DA:173,63947
DA:174,4469
DA:181,4469
DA:182,4469
DA:185,63947
DA:186,515
DA:187,515
DA:189,515
DA:191,515
DA:192,449
DA:193,449
DA:196,63947
DA:197,63947
DA:198,63947
DA:199,515
DA:201,63947
DA:204,200241
DA:205,200241
DA:206,200241
DA:208,0
DA:210,200241
DA:211,200241
DA:212,200241
DA:215,48327
DA:216,48327
DA:217,48327
DA:219,0
DA:221,48327
DA:222,48327
DA:223,48327
DA:226,26
DA:227,26
DA:228,26
DA:230,0
DA:232,26
DA:233,26
DA:234,26
DA:237,129
DA:238,129
DA:239,129
DA:241,0
DA:243,129
DA:244,129
DA:245,129
DA:248,47997
DA:249,47997
DA:250,47997
DA:251,0
DA:253,47997
DA:254,47997
DA:257,10
DA:258,10
DA:259,10
DA:260,0
DA:262,10
DA:263,10
DA:264,10
DA:267,178
DA:268,178
DA:269,178
DA:270,0
DA:272,178
DA:273,178
DA:274,178
DA:277,165347
DA:278,165347
DA:279,165347
DA:280,0
DA:282,165347
DA:283,165347
DA:284,165347
DA:287,5
DA:288,5
DA:289,5
DA:290,0
DA:292,5
DA:293,5
DA:294,5
DA:297,116236
DA:298,116236
DA:299,116236
DA:300,116236
DA:301,116236
DA:302,0
DA:304,116236
DA:305,116236
DA:306,116236
DA:307,116236
DA:308,0
DA:309,0
DA:310,0
DA:312,116236
DA:315,212
DA:316,212
DA:317,212
DA:318,0
DA:320,212
DA:321,212
DA:324,152
DA:325,152
DA:326,152
DA:327,0
DA:329,152
DA:330,152
DA:333,1
DA:334,1
DA:335,1
DA:336,1
DA:337,0
DA:339,1
DA:340,0
DA:342,1
DA:343,1
DA:346,27506
DA:350,27506
DA:351,175
DA:353,27331
DA:354,1139
DA:355,810
DA:356,810
DA:359,26192
DA:361,27331
DA:365,104538
DA:369,104538
DA:371,104538
DA:372,104538
DA:373,104538
DA:374,104538
DA:376,0
DA:378,104538
DA:380,104538
DA:381,2213
DA:383,102325
DA:385,104538
DA:386,104538
DA:387,1308
DA:388,1308
DA:389,1308
DA:391,1308
DA:393,1176
DA:396,1308
DA:398,104538
DA:400,104538
DA:402,1308
DA:404,104538
DA:407,2213
DA:408,2213
DA:411,102325
DA:412,102325
DA:415,467064
DA:416,467064
DA:417,467064
DA:418,1
DA:420,467063
DA:421,467063
DA:422,467063
DA:425,139
DA:426,139
DA:427,139
DA:428,0
DA:430,139
DA:431,139
DA:432,139
DA:435,469700
DA:436,469700
DA:437,469700
DA:438,0
DA:440,469700
DA:441,469700
DA:442,469700
DA:445,185169
DA:448,185169
DA:449,185169
DA:450,185169
DA:451,185169
DA:454,0
DA:458,0
DA:459,0
DA:461,0
DA:462,0
DA:463,0
DA:464,0
DA:467,0
DA:470,0
DA:472,0
DA:474,0
DA:477,0
DA:478,0
DA:481,0
DA:483,0
DA:485,0
DA:488,0
DA:489,0
DA:492,269475
DA:493,269475
DA:494,269475
DA:495,269475
DA:496,269475
DA:497,154479
DA:498,154479
DA:499,154479
DA:502,269475
DA:503,263813
DA:504,533288
DA:505,247709
DA:507,285579
DA:509,285579
DA:510,127902
DA:513,157677
DA:514,42618
DA:515,42618
DA:516,42618
DA:517,197013
DA:518,239631
DA:519,37356
DA:521,202275
DA:522,202275
DA:523,202275
DA:524,5262
DA:525,5262
DA:526,197013
DA:527,90090
DA:529,106923
DA:532,37356
DA:535,1107777
DA:536,1009222
DA:537,1009222
DA:538,16504
DA:539,16504
DA:542,98555
DA:543,263813
DA:544,263813
DA:546,269475
DA:547,269475
DA:548,154479
DA:550,269475
DA:553,111903
DA:554,111903
DA:555,111903
DA:556,111903
DA:557,111903
DA:558,1612
[...]
DA:3332,12146
DA:3333,12146
DA:3341,12146
DA:3342,63624
DA:3343,51478
DA:3344,51478
DA:3345,51478
DA:3346,51478
DA:3347,51478
DA:3348,51478
DA:3349,51478
DA:3350,51478
DA:3351,51478
DA:3352,51478
DA:3353,51478
DA:3354,51478
DA:3356,51478
DA:3357,2
DA:3360,51478
DA:3361,15705
DA:3362,15705
DA:3363,15705
DA:3369,35773
DA:3371,214644
DA:3372,214644
DA:3373,214644
DA:3374,71546
DA:3375,71546
DA:3376,35773
DA:3377,35773
DA:3379,35773
DA:3382,143098
DA:3383,35779
DA:3384,35779
DA:3386,107319
DA:3387,107319
DA:3388,107319
DA:3392,35773
DA:3395,35773
DA:3397,3775
DA:3398,31998
DA:3400,13960
DA:3402,13960
DA:3405,18038
DA:3408,35773
DA:3410,35773
DA:3411,35773
DA:3412,35773
DA:3413,35773
DA:3414,35773
DA:3415,14563
DA:3416,14563
DA:3420,35773
DA:3422,51478
DA:3424,51478
DA:3425,51478
DA:3427,12146
DA:3430,29
DA:3432,29
DA:3433,29
DA:3435,29
DA:3437,29
DA:3438,29
DA:3439,29
DA:3440,29
DA:3441,29
DA:3442,29
DA:3444,29
DA:3445,29
DA:3446,29
DA:3449,1638
DA:3450,1638
DA:3451,1638
DA:3452,1638
DA:3454,1638
DA:3455,1638
DA:3456,1638
DA:3457,1638
DA:3460,1638
DA:3461,1638
DA:3462,1638
DA:3463,1638
DA:3464,1638
DA:3465,1638
end_of_record
SF:/root/pikascript/port/linux/package/pikascript/pikascript-core/dataArg.h
FN:146,arg_newStr
FNDA:3735416,arg_newStr
DA:146,3735416
DA:147,3735416
end_of_record
TN:testHtml
SF:/root/pikascript/port/linux/package/pikascript/pikascript-core/dataQueue.c
FN:33,queue_init
FNDA:5,queue_init
FN:38,New_queue
FNDA:5,New_queue
FN:44,queue_deinit
FNDA:5,queue_deinit
FN:50,queue_pushArg
FNDA:12,queue_pushArg
FN:60,__queue_popArg_noRmoveArg
FNDA:12,__queue_popArg_noRmoveArg
FN:75,queue_pushInt
FNDA:3,queue_pushInt
FN:79,queue_popInt
FNDA:4,queue_popInt
FN:83,queue_pushFloat
FNDA:3,queue_pushFloat
FN:87,queue_popFloat
FNDA:4,queue_popFloat
FN:91,queue_pushStr
FNDA:3,queue_pushStr
FN:95,queue_popStr
FNDA:4,queue_popStr
FN:99,byteQueue_init
FNDA:14,byteQueue_init
FN:119,byteQueue_readOne
FNDA:3275,byteQueue_readOne
FN:151,byteQueue_peekOne
FNDA:6990,byteQueue_peekOne
FN:179,byteQueue_resetPeek
FNDA:6642,byteQueue_resetPeek
FN:187,byteQueue_getPeekedNumber
FNDA:0,byteQueue_getPeekedNumber
FN:191,byteQueue_peekAvailableCount
FNDA:6578,byteQueue_peekAvailableCount
FN:195,byteQueue_dropAllPeeked
FNDA:3,byteQueue_dropAllPeeked
FN:203,byteQueue_writeOne
FNDA:3306,byteQueue_writeOne
DA:33,5
DA:34,5
DA:35,5
DA:36,5
DA:38,5
DA:39,5
DA:40,5
DA:41,5
DA:44,5
DA:45,5
DA:46,5
DA:47,5
DA:50,12
DA:51,12
DA:52,12
DA:54,12
DA:56,12
DA:57,12
DA:60,12
DA:61,12
DA:62,12
DA:63,12
DA:64,12
DA:65,0
DA:68,12
DA:70,12
DA:72,12
DA:75,3
DA:76,3
DA:79,4
DA:80,4
DA:83,3
DA:84,3
DA:87,4
DA:88,4
DA:91,3
DA:92,3
DA:95,4
DA:96,4
DA:99,14
DA:103,14
DA:104,14
DA:105,14
DA:107,14
DA:109,14
DA:110,14
DA:111,14
DA:112,0
DA:113,0
DA:116,14
DA:119,3275
DA:120,3275
DA:122,3275
DA:126,3275
DA:128,0
DA:131,3275
DA:132,3275
DA:133,3275
DA:134,98
DA:138,3275
DA:139,3275
DA:141,3275
DA:142,3275
DA:144,3275
DA:148,3275
DA:151,6990
DA:152,6990
DA:154,6990
DA:158,6990
DA:160,67
DA:163,6923
DA:164,6923
DA:165,6923
DA:166,200
DA:169,6923
DA:170,6923
DA:172,6923
DA:176,6990
DA:179,6642
DA:180,6642
DA:182,6642
DA:183,6642
DA:185,6642
DA:187,0
DA:188,0
DA:191,6578
DA:192,6578
DA:195,3
DA:196,3
DA:198,3
DA:199,3
DA:201,3
DA:203,3306
DA:204,3306
DA:205,3306
DA:209,3306
DA:211,0
DA:214,3306
DA:215,3306
DA:216,3306
DA:217,3306
DA:218,98
DA:221,3306
DA:225,3306
end_of_record
SF:/root/pikascript/port/linux/package/pikascript/pikascript-core/dataArg.h
FN:130,arg_newInt
FNDA:3,arg_newInt
FN:138,arg_newFloat
FNDA:3,arg_newFloat
FN:146,arg_newStr
FNDA:3,arg_newStr
DA:130,3
DA:131,3
DA:138,3
DA:139,3
DA:146,3
DA:147,3
end_of_record
TN:testHtml
SF:/root/pikascript/port/linux/package/pikascript/pikascript-core/dataStrs.c
FN:32,New_strBuff
FNDA:2010739,New_strBuff
FN:36,strsRemovePrefix
FNDA:1,strsRemovePrefix
FN:42,strsGetDirectStr
FNDA:0,strsGetDirectStr
FN:55,strsAppend
FNDA:3414438,strsAppend
FN:65,strsReturnOut
FNDA:13997,strsReturnOut
FN:71,strsGetLastToken
FNDA:793,strsGetLastToken
FN:77,strsCut
FNDA:12678,strsCut
FN:83,strsDeleteChar
FNDA:14098,strsDeleteChar
FN:88,getSizeOfFirstToken
FNDA:25761,getSizeOfFirstToken
FN:98,strsGetFirstToken
FNDA:25761,strsGetFirstToken
FN:103,strsPopToken
FNDA:2399450,strsPopToken
FN:107,strsCopy
FNDA:4849358,strsCopy
FN:114,strsCacheArg
FNDA:97280,strsCacheArg
FN:121,strsFormat
FNDA:1835,strsFormat
FN:130,arg_strAppend
FNDA:541453,arg_strAppend
FN:140,strsReplace
FNDA:26930,strsReplace
FN:194,strsGetLine
FNDA:51478,strsGetLine
FN:200,strsDeinit
FNDA:3217759,strsDeinit
FN:204,strsPathFormat
FNDA:0,strsPathFormat
FN:211,strsPathJoin
FNDA:518,strsPathJoin
FN:218,strsPathGetFolder
FNDA:6,strsPathGetFolder
FN:225,strsPathGetFileName
FNDA:2,strsPathGetFileName
DA:32,2010739
DA:33,2010739
DA:36,1
DA:37,1
DA:38,1
DA:39,1
DA:42,0
DA:43,0
DA:44,0
DA:45,0
DA:46,0
DA:48,0
DA:49,0
DA:50,0
DA:52,0
DA:55,3414438
DA:56,3414438
DA:57,3414438
DA:58,3414438
DA:59,3414438
DA:60,3414438
DA:61,3414438
DA:62,3414438
DA:65,13997
DA:66,13997
DA:67,13997
DA:68,13997
DA:71,793
DA:72,793
DA:73,793
DA:74,793
DA:77,12678
DA:78,12678
DA:79,12678
DA:80,12678
DA:83,14098
DA:84,14098
DA:85,14098
DA:88,25761
DA:89,25761
DA:90,517093
DA:91,515798
DA:92,24466
DA:95,1295
DA:98,25761
DA:99,25761
DA:100,25761
DA:103,2399450
DA:104,2399450
DA:107,4849358
DA:108,4849358
DA:109,4849358
DA:110,4849358
DA:111,4849358
DA:114,97280
DA:115,97280
DA:116,97280
DA:117,97280
DA:118,97280
DA:121,1835
DA:123,1835
DA:124,1835
DA:125,1835
DA:126,1835
DA:127,1835
DA:130,541453
DA:131,541453
DA:132,541453
DA:133,541453
DA:134,541453
DA:135,541453
DA:136,541453
DA:137,541453
DA:140,26930
DA:150,26930
DA:151,26689
DA:155,241
DA:156,0
DA:157,241
DA:158,241
DA:159,0
DA:160,241
DA:161,0
DA:162,241
DA:164,241
DA:165,241
DA:166,241
DA:167,1512
DA:168,1271
DA:169,1271
DA:170,1271
DA:173,241
DA:174,241
DA:175,241
DA:176,0
DA:183,1512
DA:184,1271
DA:185,1271
DA:186,1271
DA:187,1271
DA:188,1271
DA:190,241
DA:191,241
DA:194,51478
DA:195,51478
DA:196,51478
DA:197,51478
DA:200,3217759
DA:201,3217759
DA:202,3217759
DA:204,0
DA:205,0
DA:206,0
DA:207,0
DA:208,0
DA:211,518
DA:212,518
DA:213,518
DA:214,518
DA:215,518
DA:218,6
DA:219,6
DA:220,6
DA:221,6
DA:222,6
DA:225,2
DA:226,2
DA:227,2
DA:228,2
DA:229,2
end_of_record
SF:/root/pikascript/port/linux/package/pikascript/pikascript-core/dataArg.h
FN:146,arg_newStr
FNDA:541453,arg_newStr
DA:146,541453
DA:147,541453
end_of_record
TN:testHtml
SF:/root/pikascript/port/linux/package/pikascript/pikascript-core/dataMemory.c
FN:34,pikaMalloc
FNDA:5827981,pikaMalloc
FN:62,pikaFree
FNDA:5813896,pikaFree
FN:79,pikaMemNow
FNDA:947,pikaMemNow
FN:84,pikaMemMax
FNDA:16,pikaMemMax
FN:88,pikaMemMaxReset
FNDA:112,pikaMemMaxReset
FN:92,pool_getBlockIndex_byMemSize
FNDA:56,pool_getBlockIndex_byMemSize
FN:99,pool_aline
FNDA:12,pool_aline
FN:103,pool_init
FNDA:6,pool_init
FN:116,pool_deinit
FNDA:6,pool_deinit
FN:122,pool_getBytes_byBlockIndex
FNDA:8,pool_getBytes_byBlockIndex
FN:126,pool_getBlockIndex_byMem
FNDA:3,pool_getBlockIndex_byMem
FN:131,pool_printBlocks
FNDA:8,pool_printBlocks
FN:159,pool_malloc
FNDA:8,pool_malloc
FN:218,pool_free
FNDA:3,pool_free
FN:246,bitmap_init
FNDA:11,bitmap_init
FN:257,bitmap_set
FNDA:52,bitmap_set
FN:271,bitmap_getByte
FNDA:0,bitmap_getByte
FN:278,bitmap_get
FNDA:266,bitmap_get
FN:287,bitmap_deinit
FNDA:11,bitmap_deinit
FN:301,mem_pool_init
FNDA:0,mem_pool_init
FN:309,_mem_cache_deinit
FNDA:516,_mem_cache_deinit
FN:319,mem_pool_deinit
FNDA:1,mem_pool_deinit
DA:34,5827981
DA:36,5827981
DA:37,0
DA:43,5827981
DA:46,5827981
DA:47,5827981
DA:48,146115
DA:50,5827981
DA:51,5827981
DA:52,5827981
DA:53,5827981
DA:54,0
DA:56,0
DA:59,5827981
DA:62,5813896
DA:63,5813896
DA:64,0
DA:70,5813896
DA:73,5813896
DA:74,5813896
DA:75,5813896
DA:76,5813896
DA:77,5813896
DA:79,947
DA:80,947
DA:84,16
DA:85,16
DA:88,112
DA:89,112
DA:90,112
DA:92,56
DA:93,56
DA:94,11
DA:96,45
DA:99,12
DA:100,12
DA:103,6
DA:105,6
DA:106,6
DA:107,6
DA:108,6
DA:109,6
DA:110,6
DA:111,6
DA:112,6
DA:113,6
DA:116,6
DA:117,6
DA:118,6
DA:119,6
DA:120,6
DA:122,8
DA:123,8
DA:126,3
DA:127,3
DA:128,3
DA:131,8
DA:132,8
DA:133,8
DA:134,8
DA:135,8
DA:136,22
DA:137,14
DA:138,0
DA:140,14
DA:141,14
DA:142,68
DA:143,56
DA:144,2
DA:146,262
DA:147,210
DA:148,2
DA:149,2
DA:151,208
DA:153,54
DA:155,14
DA:157,8
DA:159,8
DA:160,8
DA:161,8
DA:162,8
DA:163,8
DA:166,8
DA:167,8
DA:168,8
DA:171,0
DA:172,0
DA:174,0
DA:175,0
DA:176,0
DA:177,0
DA:178,0
DA:181,0
DA:183,0
DA:184,0
DA:185,0
DA:187,0
DA:190,0
DA:193,0
DA:194,0
DA:198,0
DA:199,0
DA:200,0
DA:204,0
DA:205,8
DA:207,22
DA:208,14
DA:211,8
DA:212,8
DA:215,8
DA:218,3
DA:219,3
DA:220,3
DA:221,6
DA:222,3
DA:225,3
DA:226,0
DA:229,3
DA:230,3
DA:231,2
DA:233,2
DA:234,0
DA:235,0
DA:236,0
DA:237,0
DA:241,2
DA:243,3
DA:246,11
DA:248,11
DA:249,11
DA:250,0
DA:252,11
DA:253,11
DA:254,11
DA:257,52
DA:258,52
DA:259,52
DA:260,52
DA:262,52
DA:263,44
DA:264,44
DA:267,8
DA:268,8
DA:271,0
DA:272,0
DA:274,0
DA:275,0
DA:278,266
DA:279,266
DA:280,266
DA:281,266
DA:283,266
DA:284,266
DA:287,11
DA:288,11
DA:289,11
DA:301,0
DA:307,0
DA:309,516
DA:311,14601
DA:312,14085
DA:313,14085
DA:314,14085
DA:317,516
DA:319,1
DA:320,1
DA:324,1
end_of_record
TN:testHtml
SF:/root/pikascript/port/linux/package/pikascript/pikascript-core/dataArg.h
FN:105,arg_setType
FNDA:32189,arg_setType
FN:109,arg_getNameHash
FNDA:10821129,arg_getNameHash
FN:114,arg_getType
FNDA:272756,arg_getType
FN:130,arg_newInt
FNDA:92816,arg_newInt
FN:142,arg_newPtr
FNDA:40706,arg_newPtr
FN:146,arg_newStr
FNDA:107,arg_newStr
FN:150,arg_newNull
FNDA:10,arg_newNull
FN:195,arg_getNext
FNDA:11568523,arg_getNext
FN:199,arg_setNext
FNDA:9034,arg_setNext
FN:209,arg_isSerialized
FNDA:18998900,arg_isSerialized
FN:261,arg_getContent
FNDA:9424620,arg_getContent
DA:105,32189
DA:106,32189
DA:107,32189
DA:109,10821129
DA:110,10821129
DA:111,10821129
DA:114,272756
DA:115,272756
DA:116,272756
DA:130,92816
DA:131,92816
DA:142,40706
DA:143,40706
DA:146,107
DA:147,107
DA:150,10
DA:151,10
DA:195,11568523
DA:196,11568523
DA:199,9034
DA:200,9034
DA:201,9034
DA:202,9034
DA:209,18998900
DA:210,18998900
DA:211,18998900
DA:212,18998900
DA:261,9424620
DA:262,9424620
DA:263,9424620
DA:264,9424620
end_of_record
SF:/root/pikascript/port/linux/package/pikascript/pikascript-core/dataArgs.c
FN:36,args_deinit
FNDA:2235019,args_deinit
FN:41,args_deinit_stack
FNDA:59,args_deinit_stack
FN:45,args_setFloat
FNDA:131,args_setFloat
FN:52,args_getPtr
FNDA:496519,args_getPtr
FN:63,args_setPtrWithType
FNDA:72895,args_setPtrWithType
FN:75,args_setPtr
FNDA:48348,args_setPtr
FN:79,args_setRef
FNDA:199,args_setRef
FN:88,args_setStr
FNDA:116918,args_setStr
FN:99,args_setNone
FNDA:10,args_setNone
FN:107,args_pushArg
FNDA:9471797,args_pushArg
FN:119,args_pushArg_name
FNDA:143371,args_pushArg_name
FN:123,args_setBytes
FNDA:179,args_setBytes
FN:129,args_getBuff
FNDA:9090120,args_getBuff
FN:136,args_getStr
FNDA:508596,args_getStr
FN:150,args_getBytes
FNDA:215,args_getBytes
FN:164,args_getBytesSize
FNDA:153,args_getBytesSize
FN:178,args_setInt
FNDA:204974,args_setInt
FN:189,args_getInt
FNDA:177236,args_getInt
FN:205,args_getBool
FNDA:5,args_getBool
FN:217,args_getSize
FNDA:102,args_getSize
FN:221,args_getType
FNDA:8,args_getType
FN:230,args_getFloat
FNDA:220,args_getFloat
FN:244,args_copyArg
FNDA:2,args_copyArg
FN:254,args_setStructWithSize
FNDA:521,args_setStructWithSize
FN:267,args_getStruct
FNDA:225591,args_getStruct
FN:275,args_getHeapStruct
FNDA:281,args_getHeapStruct
FN:280,args_setHeapStructWithSize
FNDA:282,args_setHeapStructWithSize
FN:295,args_copyArgByName
FNDA:2,args_copyArgByName
FN:301,args_isArgExist_hash
FNDA:0,args_isArgExist_hash
FN:308,args_isArgExist
FNDA:2045,args_isArgExist
FN:315,_updateArg
FNDA:340786,_updateArg
FN:362,args_setArg
FNDA:340786,args_setArg
FN:378,args_getNode_hash
FNDA:2616869,args_getNode_hash
FN:413,args_getNode
FNDA:2616869,args_getNode
FN:417,args_getArg_hash
FNDA:0,args_getArg_hash
FN:425,args_getArg
FNDA:2616869,args_getArg
FN:431,args_getArgByIndex
FNDA:1914,args_getArgByIndex
FN:443,args_foreach
FNDA:187757,args_foreach
FN:466,args_removeArg
FNDA:33268,args_removeArg
FN:474,args_removeArg_notDeinitArg
FNDA:18175,args_removeArg_notDeinitArg
FN:482,args_moveArg
FNDA:1,args_moveArg
FN:491,New_args
FNDA:2235019,New_args
FN:496,New_pikaDict
FNDA:3347,New_pikaDict
FN:501,New_pikaList
FNDA:2479,New_pikaList
FN:508,pikaList_setArg
FNDA:893,pikaList_setArg
FN:521,pikaList_getArg
FNDA:4484,pikaList_getArg
FN:528,pikaList_getInt
FNDA:23,pikaList_getInt
FN:533,pikaList_getFloat
FNDA:0,pikaList_getFloat
FN:538,pikaList_getStr
FNDA:14,pikaList_getStr
FN:543,pikaList_getPtr
FNDA:0,pikaList_getPtr
FN:548,pikaList_append
FNDA:4230,pikaList_append
FN:562,pikaList_pop
FNDA:3,pikaList_pop
FN:574,pikaList_remove
FNDA:2,pikaList_remove
FN:599,pikaList_insert
FNDA:1,pikaList_insert
FN:620,pikaList_getSize
FNDA:5895,pikaList_getSize
FN:627,pikaList_reverse
FNDA:2122,pikaList_reverse
FN:640,New_pikaTuple
FNDA:2127,New_pikaTuple
FN:645,strsFormatArg
FNDA:217,strsFormatArg
FN:698,strsFormatList
FNDA:107,strsFormatList
FN:728,args_getTuple
FNDA:2095,args_getTuple
FN:737,args_getDict
FNDA:1446,args_getDict
FN:745,args_cacheStr
FNDA:36248,args_cacheStr
DA:36,2235019
DA:37,2235019
DA:38,2235019
DA:39,2235019
DA:41,59
DA:42,59
DA:43,59
DA:45,131
DA:46,131
DA:47,131
DA:48,131
DA:49,131
DA:52,496519
DA:53,496519
DA:54,496519
DA:55,496519
DA:56,284620
DA:59,211899
DA:60,211899
DA:63,72895
DA:64,72895
DA:65,72895
DA:66,40706
DA:67,40706
DA:69,32189
DA:70,32189
DA:71,32189
DA:72,32189
DA:75,48348
DA:76,48348
DA:79,199
DA:80,199
DA:81,199
DA:82,199
DA:84,199
DA:85,199
DA:88,116918
DA:89,116918
DA:90,116918
DA:91,116918
DA:92,116918
DA:93,2
DA:95,116916
DA:96,116916
DA:99,10
DA:100,10
DA:101,10
DA:102,10
DA:103,10
DA:104,10
DA:107,9471797
DA:108,9471797
DA:109,9471797
DA:110,827
DA:111,827
DA:113,9470970
DA:115,9471797
DA:116,9471797
DA:119,143371
DA:120,143371
DA:123,179
DA:124,179
DA:125,179
DA:126,179
DA:129,9090120
DA:130,9090120
DA:131,9090120
DA:132,9090120
DA:133,9090120
DA:136,508596
DA:137,508596
DA:138,0
DA:140,508596
DA:141,508596
DA:142,418510
DA:144,90086
DA:145,0
DA:147,90086
DA:150,215
DA:151,215
DA:152,0
DA:154,215
DA:155,215
DA:156,0
DA:158,215
DA:159,0
DA:161,215
DA:164,153
DA:165,153
DA:166,0
DA:168,153
DA:169,153
DA:170,0
DA:172,153
DA:173,0
DA:175,153
DA:178,204974
DA:179,204974
DA:180,204974
DA:181,90337
DA:182,90337
DA:184,114637
DA:185,114637
DA:186,114637
DA:189,177236
DA:190,177236
DA:191,177236
DA:192,19568
DA:194,157668
DA:195,157668
DA:196,157659
DA:197,9
DA:198,3
DA:199,6
DA:200,6
DA:202,0
DA:205,5
DA:206,5
DA:207,5
DA:208,0
DA:210,5
DA:211,5
DA:212,5
DA:214,0
DA:217,102
DA:218,102
DA:221,8
DA:222,8
DA:223,8
DA:224,8
DA:225,0
DA:227,8
DA:230,220
DA:231,220
DA:232,220
DA:233,0
DA:235,220
DA:236,220
DA:237,161
DA:238,59
DA:239,59
DA:241,0
DA:244,2
DA:245,2
DA:246,0
DA:248,2
DA:249,2
DA:251,2
DA:254,521
DA:258,521
DA:259,521
DA:261,0
DA:263,521
DA:264,521
DA:267,225591
DA:268,225591
DA:269,225591
DA:270,218457
DA:272,7134
DA:275,281
DA:276,281
DA:277,281
DA:280,282
DA:285,282
DA:287,282
DA:289,0
DA:291,282
DA:292,282
DA:295,2
DA:296,2
DA:297,2
DA:298,2
DA:301,0
DA:302,0
DA:303,0
DA:305,0
DA:308,2045
DA:309,2045
DA:310,1101
DA:312,944
DA:315,340786
DA:316,340786
DA:317,340786
DA:318,340786
DA:319,340786
DA:320,340786
DA:322,340786
DA:323,92536
DA:325,248250
DA:327,2090013
DA:328,102483
DA:329,102483
DA:331,1987530
DA:333,145767
DA:335,1841763
DA:336,1841763
DA:339,102483
DA:340,102483
DA:342,102483
DA:345,102483
DA:346,93449
DA:347,93449
DA:348,93449
DA:351,9034
DA:352,9034
DA:353,9034
DA:354,102483
DA:355,102483
DA:356,94067
DA:358,8416
DA:359,8416
DA:362,340786
DA:363,340786
DA:364,340786
DA:365,340786
DA:366,102483
DA:368,238303
DA:369,238303
DA:378,2616869
DA:379,2616869
DA:383,9819451
DA:384,8482866
DA:385,8482866
DA:389,8482866
DA:406,1280284
DA:408,7202582
DA:410,1336585
DA:413,2616869
DA:414,2616869
DA:417,0
DA:418,0
DA:419,0
DA:420,0
DA:422,0
DA:425,2616869
DA:426,2616869
DA:427,2616869
DA:428,2616869
DA:431,1914
DA:432,1914
DA:433,1914
DA:434,1914
DA:435,3
DA:437,7932
DA:438,6021
DA:440,1911
DA:443,187757
DA:446,187757
DA:447,12365
DA:449,175392
DA:450,355235
DA:451,530627
DA:452,530627
DA:453,0
DA:455,530627
DA:456,530627
DA:458,530627
DA:459,175392
DA:461,355235
DA:463,175392
DA:466,33268
DA:467,33268
DA:468,24374
DA:470,8894
DA:471,8894
DA:474,18175
DA:475,18175
DA:476,8327
DA:478,9848
DA:479,9848
DA:482,1
DA:483,1
DA:484,0
DA:486,1
DA:487,1
DA:488,1
DA:491,2235019
DA:492,2235019
DA:493,2235019
DA:496,3347
DA:497,3347
DA:498,3347
DA:501,2479
DA:502,2479
DA:504,2479
DA:505,2479
DA:508,893
DA:510,893
DA:511,893
DA:512,893
DA:513,0
DA:515,893
DA:516,893
DA:517,893
DA:518,893
DA:521,4484
DA:522,4484
DA:524,4484
DA:525,4484
DA:528,23
DA:529,23
DA:530,23
DA:533,0
DA:534,0
DA:535,0
DA:538,14
DA:539,14
DA:540,14
DA:543,0
DA:544,0
DA:545,0
DA:548,4230
DA:549,4230
DA:550,0
DA:552,4230
DA:554,4230
DA:555,4230
DA:556,4230
DA:557,4230
DA:559,4230
DA:562,3
DA:563,3
DA:564,3
DA:565,0
DA:567,3
DA:568,3
DA:569,3
DA:570,3
DA:571,3
DA:574,2
DA:575,2
DA:576,2
DA:577,2
DA:578,0
DA:580,4
DA:581,4
DA:582,4
DA:583,2
DA:584,2
DA:585,2
DA:589,7
DA:591,5
DA:592,5
DA:593,5
DA:595,2
DA:596,2
DA:599,1
DA:600,1
DA:601,1
DA:602,0
DA:605,3
DA:607,2
DA:608,2
DA:609,2
DA:612,1
DA:613,1
DA:614,1
DA:615,1
DA:616,1
DA:617,1
DA:620,5895
DA:621,5895
DA:622,0
DA:624,5895
DA:627,2122
DA:628,2122
DA:629,2122
DA:630,2565
DA:631,443
DA:632,443
DA:633,443
DA:634,443
DA:635,443
DA:636,443
DA:638,2122
DA:640,2127
DA:641,2127
DA:642,2127
DA:645,217
DA:646,217
DA:647,217
DA:648,217
DA:649,217
DA:650,399
DA:651,311
DA:652,311
DA:653,134
DA:654,125
DA:655,125
DA:657,9
DA:658,4
DA:659,4
DA:661,5
DA:662,0
DA:663,0
DA:665,5
DA:666,0
DA:667,0
DA:671,217
DA:672,83
DA:673,83
DA:674,83
DA:676,134
DA:677,4
DA:678,4
DA:679,4
DA:681,130
DA:682,125
DA:683,125
DA:684,125
DA:686,5
DA:687,0
DA:688,0
DA:690,5
DA:691,217
DA:692,212
DA:694,217
DA:695,217
DA:698,107
DA:699,107
DA:700,107
DA:701,107
DA:702,107
DA:703,107
DA:705,319
DA:706,217
DA:707,217
DA:708,217
DA:709,217
DA:710,217
DA:711,217
DA:712,5
DA:713,5
DA:715,212
DA:716,212
DA:718,102
DA:720,107
DA:721,107
DA:722,107
DA:723,107
DA:724,107
DA:728,2095
DA:729,2095
DA:730,0
DA:732,2095
DA:733,2095
DA:737,1446
DA:738,1446
DA:739,0
DA:741,1446
DA:742,1446
DA:745,36248
DA:746,36248
DA:747,36248
end_of_record
TN:testHtml
SF:/root/pikascript/port/linux/package/pikascript/pikascript-core/dataArg.h
FN:195,arg_getNext
FNDA:9503003,arg_getNext
FN:199,arg_setNext
FNDA:9472408,arg_setNext
DA:195,9503003
DA:196,9503003
DA:199,9472408
DA:200,9472408
DA:201,9472408
DA:202,9472408
end_of_record
SF:/root/pikascript/port/linux/package/pikascript/pikascript-core/dataLink.c
FN:33,_link_deinit_pyload
FNDA:5452837,_link_deinit_pyload
FN:43,link_deinit
FNDA:2235019,link_deinit
FN:49,link_deinit_stack
FNDA:3217818,link_deinit_stack
FN:53,link_addNode
FNDA:9471797,link_addNode
FN:62,_link_removeNode
FNDA:18743,_link_removeNode
FN:101,link_removeNode
FNDA:8894,link_removeNode
FN:105,link_removeNode_notDeinitNode
FNDA:9849,link_removeNode_notDeinitNode
FN:109,link_getSize
FNDA:102,link_getSize
FN:120,link_init
FNDA:2235019,link_init
FN:124,New_link
FNDA:2235019,New_link
DA:33,5452837
DA:34,5452837
DA:35,14905891
DA:36,9453054
DA:37,9453054
DA:38,9453054
DA:40,5452837
DA:41,5452837
DA:43,2235019
DA:44,2235019
DA:45,2235019
DA:46,2235019
DA:47,2235019
DA:49,3217818
DA:50,3217818
DA:51,3217818
DA:53,9471797
DA:55,9471797
DA:57,9471797
DA:59,9471797
DA:60,9471797
DA:62,18743
DA:65,18743
DA:66,18743
DA:67,18743
DA:70,31447
DA:71,18743
DA:72,18743
DA:74,12704
DA:76,0
DA:78,12704
DA:79,12704
DA:82,18743
DA:83,18743
DA:84,18132
DA:86,18743
DA:87,18132
DA:88,18132
DA:90,611
DA:91,611
DA:94,18743
DA:95,18743
DA:96,8894
DA:98,18743
DA:101,8894
DA:102,8894
DA:103,8894
DA:105,9849
DA:106,9849
DA:107,9849
DA:109,102
DA:111,102
DA:112,102
DA:113,472
DA:114,370
DA:115,370
DA:117,102
DA:120,2235019
DA:121,2235019
DA:122,2235019
DA:124,2235019
DA:125,2235019
DA:126,2235019
DA:127,2235019
end_of_record
